#! /usr/bin/vvp
:ivl_version "10.3 (stable)";
:ivl_delay_selection "TYPICAL";
:vpi_time_precision + 0;
:vpi_module "system";
:vpi_module "vhdl_sys";
:vpi_module "v2005_math";
:vpi_module "va_math";
S_0x5556e7483030 .scope module, "testbench" "testbench" 2 1;
 .timescale 0 0;
v0x5556e75204d0_0 .var/s "a", 63 0;
v0x5556e7520590_0 .var/s "b", 63 0;
v0x5556e7520660_0 .net/s "out", 63 0, L_0x5556e75340c0;  1 drivers
S_0x5556e74831b0 .scope module, "func" "xor64" 2 5, 3 1 0, S_0x5556e7483030;
 .timescale 0 0;
    .port_info 0 /INPUT 64 "a"
    .port_info 1 /INPUT 64 "b"
    .port_info 2 /OUTPUT 64 "out"
v0x5556e751c750_0 .net *"_s0", 0 0, L_0x5556e7520760;  1 drivers
v0x5556e751c850_0 .net *"_s100", 0 0, L_0x5556e7525d70;  1 drivers
v0x5556e751c930_0 .net *"_s104", 0 0, L_0x5556e75261a0;  1 drivers
v0x5556e751c9f0_0 .net *"_s108", 0 0, L_0x5556e75265e0;  1 drivers
v0x5556e751cad0_0 .net *"_s112", 0 0, L_0x5556e7526a30;  1 drivers
v0x5556e751cc00_0 .net *"_s116", 0 0, L_0x5556e7526e90;  1 drivers
v0x5556e751cce0_0 .net *"_s12", 0 0, L_0x5556e7520fe0;  1 drivers
v0x5556e751cdc0_0 .net *"_s120", 0 0, L_0x5556e7527300;  1 drivers
v0x5556e751cea0_0 .net *"_s124", 0 0, L_0x5556e7527fa0;  1 drivers
v0x5556e751cf80_0 .net *"_s128", 0 0, L_0x5556e7528430;  1 drivers
v0x5556e751d060_0 .net *"_s132", 0 0, L_0x5556e75288d0;  1 drivers
v0x5556e751d140_0 .net *"_s136", 0 0, L_0x5556e7528d80;  1 drivers
v0x5556e751d220_0 .net *"_s140", 0 0, L_0x5556e7529240;  1 drivers
v0x5556e751d300_0 .net *"_s144", 0 0, L_0x5556e7529710;  1 drivers
v0x5556e751d3e0_0 .net *"_s148", 0 0, L_0x5556e7529bf0;  1 drivers
v0x5556e751d4c0_0 .net *"_s152", 0 0, L_0x5556e752a0e0;  1 drivers
v0x5556e751d5a0_0 .net *"_s156", 0 0, L_0x5556e752a5e0;  1 drivers
v0x5556e751d680_0 .net *"_s16", 0 0, L_0x5556e7521230;  1 drivers
v0x5556e751d760_0 .net *"_s160", 0 0, L_0x5556e752aaf0;  1 drivers
v0x5556e751d840_0 .net *"_s164", 0 0, L_0x5556e752b010;  1 drivers
v0x5556e751d920_0 .net *"_s168", 0 0, L_0x5556e752b540;  1 drivers
v0x5556e751da00_0 .net *"_s172", 0 0, L_0x5556e752ba80;  1 drivers
v0x5556e751dae0_0 .net *"_s176", 0 0, L_0x5556e752bfd0;  1 drivers
v0x5556e751dbc0_0 .net *"_s180", 0 0, L_0x5556e752c530;  1 drivers
v0x5556e751dca0_0 .net *"_s184", 0 0, L_0x5556e752caa0;  1 drivers
v0x5556e751dd80_0 .net *"_s188", 0 0, L_0x5556e752d020;  1 drivers
v0x5556e751de60_0 .net *"_s192", 0 0, L_0x5556e752d5b0;  1 drivers
v0x5556e751df40_0 .net *"_s196", 0 0, L_0x5556e752db50;  1 drivers
v0x5556e751e020_0 .net *"_s20", 0 0, L_0x5556e7521510;  1 drivers
v0x5556e751e100_0 .net *"_s200", 0 0, L_0x5556e752e100;  1 drivers
v0x5556e751e1e0_0 .net *"_s204", 0 0, L_0x5556e752e6c0;  1 drivers
v0x5556e751e2c0_0 .net *"_s208", 0 0, L_0x5556e752ec90;  1 drivers
v0x5556e751e3a0_0 .net *"_s212", 0 0, L_0x5556e752f270;  1 drivers
v0x5556e751e690_0 .net *"_s216", 0 0, L_0x5556e752f860;  1 drivers
v0x5556e751e770_0 .net *"_s220", 0 0, L_0x5556e752fe60;  1 drivers
v0x5556e751e850_0 .net *"_s224", 0 0, L_0x5556e7530470;  1 drivers
v0x5556e751e930_0 .net *"_s228", 0 0, L_0x5556e7530a90;  1 drivers
v0x5556e751ea10_0 .net *"_s232", 0 0, L_0x5556e75310c0;  1 drivers
v0x5556e751eaf0_0 .net *"_s236", 0 0, L_0x5556e7531700;  1 drivers
v0x5556e751ebd0_0 .net *"_s24", 0 0, L_0x5556e75217b0;  1 drivers
v0x5556e751ecb0_0 .net *"_s240", 0 0, L_0x5556e7531d50;  1 drivers
v0x5556e751ed90_0 .net *"_s244", 0 0, L_0x5556e75323b0;  1 drivers
v0x5556e751ee70_0 .net *"_s248", 0 0, L_0x5556e7532a20;  1 drivers
v0x5556e751ef50_0 .net *"_s252", 0 0, L_0x5556e7535560;  1 drivers
v0x5556e751f030_0 .net *"_s28", 0 0, L_0x5556e7521740;  1 drivers
v0x5556e751f110_0 .net *"_s32", 0 0, L_0x5556e7521e60;  1 drivers
v0x5556e751f1f0_0 .net *"_s36", 0 0, L_0x5556e7522180;  1 drivers
v0x5556e751f2d0_0 .net *"_s4", 0 0, L_0x5556e7520a90;  1 drivers
v0x5556e751f3b0_0 .net *"_s40", 0 0, L_0x5556e75224b0;  1 drivers
v0x5556e751f490_0 .net *"_s44", 0 0, L_0x5556e7522750;  1 drivers
v0x5556e751f570_0 .net *"_s48", 0 0, L_0x5556e7522aa0;  1 drivers
v0x5556e751f650_0 .net *"_s52", 0 0, L_0x5556e7522e00;  1 drivers
v0x5556e751f730_0 .net *"_s56", 0 0, L_0x5556e7523170;  1 drivers
v0x5556e751f810_0 .net *"_s60", 0 0, L_0x5556e7523700;  1 drivers
v0x5556e751f8f0_0 .net *"_s64", 0 0, L_0x5556e7523a90;  1 drivers
v0x5556e751f9d0_0 .net *"_s68", 0 0, L_0x5556e7523e30;  1 drivers
v0x5556e751fab0_0 .net *"_s72", 0 0, L_0x5556e75241e0;  1 drivers
v0x5556e751fb90_0 .net *"_s76", 0 0, L_0x5556e75245a0;  1 drivers
v0x5556e751fc70_0 .net *"_s8", 0 0, L_0x5556e7520d10;  1 drivers
v0x5556e751fd50_0 .net *"_s80", 0 0, L_0x5556e7524970;  1 drivers
v0x5556e751fe30_0 .net *"_s84", 0 0, L_0x5556e7524d50;  1 drivers
v0x5556e751ff10_0 .net *"_s88", 0 0, L_0x5556e7525140;  1 drivers
v0x5556e751fff0_0 .net *"_s92", 0 0, L_0x5556e7525540;  1 drivers
v0x5556e75200d0_0 .net *"_s96", 0 0, L_0x5556e7525950;  1 drivers
v0x5556e75201b0_0 .net/s "a", 63 0, v0x5556e75204d0_0;  1 drivers
v0x5556e7520290_0 .net/s "b", 63 0, v0x5556e7520590_0;  1 drivers
v0x5556e7520370_0 .net/s "out", 63 0, L_0x5556e75340c0;  alias, 1 drivers
L_0x5556e7520860 .part v0x5556e75204d0_0, 0, 1;
L_0x5556e7520950 .part v0x5556e7520590_0, 0, 1;
L_0x5556e7520b00 .part v0x5556e75204d0_0, 1, 1;
L_0x5556e7520bf0 .part v0x5556e7520590_0, 1, 1;
L_0x5556e7520d80 .part v0x5556e75204d0_0, 2, 1;
L_0x5556e7520e70 .part v0x5556e7520590_0, 2, 1;
L_0x5556e7521050 .part v0x5556e75204d0_0, 3, 1;
L_0x5556e75210f0 .part v0x5556e7520590_0, 3, 1;
L_0x5556e75212d0 .part v0x5556e75204d0_0, 4, 1;
L_0x5556e75213c0 .part v0x5556e7520590_0, 4, 1;
L_0x5556e75215b0 .part v0x5556e75204d0_0, 5, 1;
L_0x5556e7521650 .part v0x5556e7520590_0, 5, 1;
L_0x5556e7521850 .part v0x5556e75204d0_0, 6, 1;
L_0x5556e7521940 .part v0x5556e7520590_0, 6, 1;
L_0x5556e7521bf0 .part v0x5556e75204d0_0, 7, 1;
L_0x5556e7521ce0 .part v0x5556e7520590_0, 7, 1;
L_0x5556e7521f00 .part v0x5556e75204d0_0, 8, 1;
L_0x5556e7521ff0 .part v0x5556e7520590_0, 8, 1;
L_0x5556e7522220 .part v0x5556e75204d0_0, 9, 1;
L_0x5556e7522310 .part v0x5556e7520590_0, 9, 1;
L_0x5556e75220e0 .part v0x5556e75204d0_0, 10, 1;
L_0x5556e75225a0 .part v0x5556e7520590_0, 10, 1;
L_0x5556e75227f0 .part v0x5556e75204d0_0, 11, 1;
L_0x5556e75228e0 .part v0x5556e7520590_0, 11, 1;
L_0x5556e7522b40 .part v0x5556e75204d0_0, 12, 1;
L_0x5556e7522c30 .part v0x5556e7520590_0, 12, 1;
L_0x5556e7522ea0 .part v0x5556e75204d0_0, 13, 1;
L_0x5556e7522f90 .part v0x5556e7520590_0, 13, 1;
L_0x5556e7523210 .part v0x5556e75204d0_0, 14, 1;
L_0x5556e7523300 .part v0x5556e7520590_0, 14, 1;
L_0x5556e75237a0 .part v0x5556e75204d0_0, 15, 1;
L_0x5556e7523890 .part v0x5556e7520590_0, 15, 1;
L_0x5556e7523b30 .part v0x5556e75204d0_0, 16, 1;
L_0x5556e7523c20 .part v0x5556e7520590_0, 16, 1;
L_0x5556e7523ed0 .part v0x5556e75204d0_0, 17, 1;
L_0x5556e7523fc0 .part v0x5556e7520590_0, 17, 1;
L_0x5556e7524280 .part v0x5556e75204d0_0, 18, 1;
L_0x5556e7524370 .part v0x5556e7520590_0, 18, 1;
L_0x5556e7524640 .part v0x5556e75204d0_0, 19, 1;
L_0x5556e7524730 .part v0x5556e7520590_0, 19, 1;
L_0x5556e7524a10 .part v0x5556e75204d0_0, 20, 1;
L_0x5556e7524b00 .part v0x5556e7520590_0, 20, 1;
L_0x5556e7524df0 .part v0x5556e75204d0_0, 21, 1;
L_0x5556e7524ee0 .part v0x5556e7520590_0, 21, 1;
L_0x5556e75251e0 .part v0x5556e75204d0_0, 22, 1;
L_0x5556e75252d0 .part v0x5556e7520590_0, 22, 1;
L_0x5556e75255e0 .part v0x5556e75204d0_0, 23, 1;
L_0x5556e75256d0 .part v0x5556e7520590_0, 23, 1;
L_0x5556e75259f0 .part v0x5556e75204d0_0, 24, 1;
L_0x5556e7525ae0 .part v0x5556e7520590_0, 24, 1;
L_0x5556e7525e10 .part v0x5556e75204d0_0, 25, 1;
L_0x5556e7525f00 .part v0x5556e7520590_0, 25, 1;
L_0x5556e7526240 .part v0x5556e75204d0_0, 26, 1;
L_0x5556e7526330 .part v0x5556e7520590_0, 26, 1;
L_0x5556e7526680 .part v0x5556e75204d0_0, 27, 1;
L_0x5556e7526770 .part v0x5556e7520590_0, 27, 1;
L_0x5556e7526ad0 .part v0x5556e75204d0_0, 28, 1;
L_0x5556e7526bc0 .part v0x5556e7520590_0, 28, 1;
L_0x5556e7526f30 .part v0x5556e75204d0_0, 29, 1;
L_0x5556e7527020 .part v0x5556e7520590_0, 29, 1;
L_0x5556e75273a0 .part v0x5556e75204d0_0, 30, 1;
L_0x5556e75278a0 .part v0x5556e7520590_0, 30, 1;
L_0x5556e7528040 .part v0x5556e75204d0_0, 31, 1;
L_0x5556e7528130 .part v0x5556e7520590_0, 31, 1;
L_0x5556e75284d0 .part v0x5556e75204d0_0, 32, 1;
L_0x5556e75285c0 .part v0x5556e7520590_0, 32, 1;
L_0x5556e7528970 .part v0x5556e75204d0_0, 33, 1;
L_0x5556e7528a60 .part v0x5556e7520590_0, 33, 1;
L_0x5556e7528e20 .part v0x5556e75204d0_0, 34, 1;
L_0x5556e7528f10 .part v0x5556e7520590_0, 34, 1;
L_0x5556e75292e0 .part v0x5556e75204d0_0, 35, 1;
L_0x5556e75293d0 .part v0x5556e7520590_0, 35, 1;
L_0x5556e75297b0 .part v0x5556e75204d0_0, 36, 1;
L_0x5556e75298a0 .part v0x5556e7520590_0, 36, 1;
L_0x5556e7529c90 .part v0x5556e75204d0_0, 37, 1;
L_0x5556e7529d80 .part v0x5556e7520590_0, 37, 1;
L_0x5556e752a180 .part v0x5556e75204d0_0, 38, 1;
L_0x5556e752a270 .part v0x5556e7520590_0, 38, 1;
L_0x5556e752a680 .part v0x5556e75204d0_0, 39, 1;
L_0x5556e752a770 .part v0x5556e7520590_0, 39, 1;
L_0x5556e752ab90 .part v0x5556e75204d0_0, 40, 1;
L_0x5556e752ac80 .part v0x5556e7520590_0, 40, 1;
L_0x5556e752b0b0 .part v0x5556e75204d0_0, 41, 1;
L_0x5556e752b1a0 .part v0x5556e7520590_0, 41, 1;
L_0x5556e752b5e0 .part v0x5556e75204d0_0, 42, 1;
L_0x5556e752b6d0 .part v0x5556e7520590_0, 42, 1;
L_0x5556e752bb20 .part v0x5556e75204d0_0, 43, 1;
L_0x5556e752bc10 .part v0x5556e7520590_0, 43, 1;
L_0x5556e752c070 .part v0x5556e75204d0_0, 44, 1;
L_0x5556e752c160 .part v0x5556e7520590_0, 44, 1;
L_0x5556e752c5d0 .part v0x5556e75204d0_0, 45, 1;
L_0x5556e752c6c0 .part v0x5556e7520590_0, 45, 1;
L_0x5556e752cb40 .part v0x5556e75204d0_0, 46, 1;
L_0x5556e752cc30 .part v0x5556e7520590_0, 46, 1;
L_0x5556e752d0c0 .part v0x5556e75204d0_0, 47, 1;
L_0x5556e752d1b0 .part v0x5556e7520590_0, 47, 1;
L_0x5556e752d650 .part v0x5556e75204d0_0, 48, 1;
L_0x5556e752d740 .part v0x5556e7520590_0, 48, 1;
L_0x5556e752dbf0 .part v0x5556e75204d0_0, 49, 1;
L_0x5556e752dce0 .part v0x5556e7520590_0, 49, 1;
L_0x5556e752e1a0 .part v0x5556e75204d0_0, 50, 1;
L_0x5556e752e290 .part v0x5556e7520590_0, 50, 1;
L_0x5556e752e760 .part v0x5556e75204d0_0, 51, 1;
L_0x5556e752e850 .part v0x5556e7520590_0, 51, 1;
L_0x5556e752ed30 .part v0x5556e75204d0_0, 52, 1;
L_0x5556e752ee20 .part v0x5556e7520590_0, 52, 1;
L_0x5556e752f310 .part v0x5556e75204d0_0, 53, 1;
L_0x5556e752f400 .part v0x5556e7520590_0, 53, 1;
L_0x5556e752f900 .part v0x5556e75204d0_0, 54, 1;
L_0x5556e752f9f0 .part v0x5556e7520590_0, 54, 1;
L_0x5556e752ff00 .part v0x5556e75204d0_0, 55, 1;
L_0x5556e752fff0 .part v0x5556e7520590_0, 55, 1;
L_0x5556e7530510 .part v0x5556e75204d0_0, 56, 1;
L_0x5556e7530600 .part v0x5556e7520590_0, 56, 1;
L_0x5556e7530b30 .part v0x5556e75204d0_0, 57, 1;
L_0x5556e7530c20 .part v0x5556e7520590_0, 57, 1;
L_0x5556e7531160 .part v0x5556e75204d0_0, 58, 1;
L_0x5556e7531250 .part v0x5556e7520590_0, 58, 1;
L_0x5556e75317a0 .part v0x5556e75204d0_0, 59, 1;
L_0x5556e7531890 .part v0x5556e7520590_0, 59, 1;
L_0x5556e7531df0 .part v0x5556e75204d0_0, 60, 1;
L_0x5556e7531ee0 .part v0x5556e7520590_0, 60, 1;
L_0x5556e7532450 .part v0x5556e75204d0_0, 61, 1;
L_0x5556e7532540 .part v0x5556e7520590_0, 61, 1;
L_0x5556e7532ac0 .part v0x5556e75204d0_0, 62, 1;
L_0x5556e75333c0 .part v0x5556e7520590_0, 62, 1;
LS_0x5556e75340c0_0_0 .concat8 [ 1 1 1 1], L_0x5556e7520760, L_0x5556e7520a90, L_0x5556e7520d10, L_0x5556e7520fe0;
LS_0x5556e75340c0_0_4 .concat8 [ 1 1 1 1], L_0x5556e7521230, L_0x5556e7521510, L_0x5556e75217b0, L_0x5556e7521740;
LS_0x5556e75340c0_0_8 .concat8 [ 1 1 1 1], L_0x5556e7521e60, L_0x5556e7522180, L_0x5556e75224b0, L_0x5556e7522750;
LS_0x5556e75340c0_0_12 .concat8 [ 1 1 1 1], L_0x5556e7522aa0, L_0x5556e7522e00, L_0x5556e7523170, L_0x5556e7523700;
LS_0x5556e75340c0_0_16 .concat8 [ 1 1 1 1], L_0x5556e7523a90, L_0x5556e7523e30, L_0x5556e75241e0, L_0x5556e75245a0;
LS_0x5556e75340c0_0_20 .concat8 [ 1 1 1 1], L_0x5556e7524970, L_0x5556e7524d50, L_0x5556e7525140, L_0x5556e7525540;
LS_0x5556e75340c0_0_24 .concat8 [ 1 1 1 1], L_0x5556e7525950, L_0x5556e7525d70, L_0x5556e75261a0, L_0x5556e75265e0;
LS_0x5556e75340c0_0_28 .concat8 [ 1 1 1 1], L_0x5556e7526a30, L_0x5556e7526e90, L_0x5556e7527300, L_0x5556e7527fa0;
LS_0x5556e75340c0_0_32 .concat8 [ 1 1 1 1], L_0x5556e7528430, L_0x5556e75288d0, L_0x5556e7528d80, L_0x5556e7529240;
LS_0x5556e75340c0_0_36 .concat8 [ 1 1 1 1], L_0x5556e7529710, L_0x5556e7529bf0, L_0x5556e752a0e0, L_0x5556e752a5e0;
LS_0x5556e75340c0_0_40 .concat8 [ 1 1 1 1], L_0x5556e752aaf0, L_0x5556e752b010, L_0x5556e752b540, L_0x5556e752ba80;
LS_0x5556e75340c0_0_44 .concat8 [ 1 1 1 1], L_0x5556e752bfd0, L_0x5556e752c530, L_0x5556e752caa0, L_0x5556e752d020;
LS_0x5556e75340c0_0_48 .concat8 [ 1 1 1 1], L_0x5556e752d5b0, L_0x5556e752db50, L_0x5556e752e100, L_0x5556e752e6c0;
LS_0x5556e75340c0_0_52 .concat8 [ 1 1 1 1], L_0x5556e752ec90, L_0x5556e752f270, L_0x5556e752f860, L_0x5556e752fe60;
LS_0x5556e75340c0_0_56 .concat8 [ 1 1 1 1], L_0x5556e7530470, L_0x5556e7530a90, L_0x5556e75310c0, L_0x5556e7531700;
LS_0x5556e75340c0_0_60 .concat8 [ 1 1 1 1], L_0x5556e7531d50, L_0x5556e75323b0, L_0x5556e7532a20, L_0x5556e7535560;
LS_0x5556e75340c0_1_0 .concat8 [ 4 4 4 4], LS_0x5556e75340c0_0_0, LS_0x5556e75340c0_0_4, LS_0x5556e75340c0_0_8, LS_0x5556e75340c0_0_12;
LS_0x5556e75340c0_1_4 .concat8 [ 4 4 4 4], LS_0x5556e75340c0_0_16, LS_0x5556e75340c0_0_20, LS_0x5556e75340c0_0_24, LS_0x5556e75340c0_0_28;
LS_0x5556e75340c0_1_8 .concat8 [ 4 4 4 4], LS_0x5556e75340c0_0_32, LS_0x5556e75340c0_0_36, LS_0x5556e75340c0_0_40, LS_0x5556e75340c0_0_44;
LS_0x5556e75340c0_1_12 .concat8 [ 4 4 4 4], LS_0x5556e75340c0_0_48, LS_0x5556e75340c0_0_52, LS_0x5556e75340c0_0_56, LS_0x5556e75340c0_0_60;
L_0x5556e75340c0 .concat8 [ 16 16 16 16], LS_0x5556e75340c0_1_0, LS_0x5556e75340c0_1_4, LS_0x5556e75340c0_1_8, LS_0x5556e75340c0_1_12;
L_0x5556e7535620 .part v0x5556e75204d0_0, 63, 1;
L_0x5556e7535b20 .part v0x5556e7520590_0, 63, 1;
S_0x5556e74b94a0 .scope generate, "genblk1[0]" "genblk1[0]" 3 6, 3 6 0, S_0x5556e74831b0;
 .timescale 0 0;
P_0x5556e74b9670 .param/l "i" 0 3 6, +C4<00>;
L_0x5556e7520760 .functor XOR 1, L_0x5556e7520860, L_0x5556e7520950, C4<0>, C4<0>;
v0x5556e74cc870_0 .net *"_s1", 0 0, L_0x5556e7520860;  1 drivers
v0x5556e74cbcc0_0 .net *"_s2", 0 0, L_0x5556e7520950;  1 drivers
S_0x5556e750ab20 .scope generate, "genblk1[1]" "genblk1[1]" 3 6, 3 6 0, S_0x5556e74831b0;
 .timescale 0 0;
P_0x5556e750ad30 .param/l "i" 0 3 6, +C4<01>;
L_0x5556e7520a90 .functor XOR 1, L_0x5556e7520b00, L_0x5556e7520bf0, C4<0>, C4<0>;
v0x5556e74c6af0_0 .net *"_s1", 0 0, L_0x5556e7520b00;  1 drivers
v0x5556e74bdeb0_0 .net *"_s2", 0 0, L_0x5556e7520bf0;  1 drivers
S_0x5556e750ae70 .scope generate, "genblk1[2]" "genblk1[2]" 3 6, 3 6 0, S_0x5556e74831b0;
 .timescale 0 0;
P_0x5556e750b060 .param/l "i" 0 3 6, +C4<010>;
L_0x5556e7520d10 .functor XOR 1, L_0x5556e7520d80, L_0x5556e7520e70, C4<0>, C4<0>;
v0x5556e74bd300_0 .net *"_s1", 0 0, L_0x5556e7520d80;  1 drivers
v0x5556e74b8350_0 .net *"_s2", 0 0, L_0x5556e7520e70;  1 drivers
S_0x5556e750b1a0 .scope generate, "genblk1[3]" "genblk1[3]" 3 6, 3 6 0, S_0x5556e74831b0;
 .timescale 0 0;
P_0x5556e750b390 .param/l "i" 0 3 6, +C4<011>;
L_0x5556e7520fe0 .functor XOR 1, L_0x5556e7521050, L_0x5556e75210f0, C4<0>, C4<0>;
v0x5556e74b75d0_0 .net *"_s1", 0 0, L_0x5556e7521050;  1 drivers
v0x5556e750b4b0_0 .net *"_s2", 0 0, L_0x5556e75210f0;  1 drivers
S_0x5556e750b590 .scope generate, "genblk1[4]" "genblk1[4]" 3 6, 3 6 0, S_0x5556e74831b0;
 .timescale 0 0;
P_0x5556e750b7d0 .param/l "i" 0 3 6, +C4<0100>;
L_0x5556e7521230 .functor XOR 1, L_0x5556e75212d0, L_0x5556e75213c0, C4<0>, C4<0>;
v0x5556e750b8b0_0 .net *"_s1", 0 0, L_0x5556e75212d0;  1 drivers
v0x5556e750b990_0 .net *"_s2", 0 0, L_0x5556e75213c0;  1 drivers
S_0x5556e750ba70 .scope generate, "genblk1[5]" "genblk1[5]" 3 6, 3 6 0, S_0x5556e74831b0;
 .timescale 0 0;
P_0x5556e750bc60 .param/l "i" 0 3 6, +C4<0101>;
L_0x5556e7521510 .functor XOR 1, L_0x5556e75215b0, L_0x5556e7521650, C4<0>, C4<0>;
v0x5556e750bd40_0 .net *"_s1", 0 0, L_0x5556e75215b0;  1 drivers
v0x5556e750be20_0 .net *"_s2", 0 0, L_0x5556e7521650;  1 drivers
S_0x5556e750bf00 .scope generate, "genblk1[6]" "genblk1[6]" 3 6, 3 6 0, S_0x5556e74831b0;
 .timescale 0 0;
P_0x5556e750c0f0 .param/l "i" 0 3 6, +C4<0110>;
L_0x5556e75217b0 .functor XOR 1, L_0x5556e7521850, L_0x5556e7521940, C4<0>, C4<0>;
v0x5556e750c1d0_0 .net *"_s1", 0 0, L_0x5556e7521850;  1 drivers
v0x5556e750c2b0_0 .net *"_s2", 0 0, L_0x5556e7521940;  1 drivers
S_0x5556e750c390 .scope generate, "genblk1[7]" "genblk1[7]" 3 6, 3 6 0, S_0x5556e74831b0;
 .timescale 0 0;
P_0x5556e750c580 .param/l "i" 0 3 6, +C4<0111>;
L_0x5556e7521740 .functor XOR 1, L_0x5556e7521bf0, L_0x5556e7521ce0, C4<0>, C4<0>;
v0x5556e750c660_0 .net *"_s1", 0 0, L_0x5556e7521bf0;  1 drivers
v0x5556e750c740_0 .net *"_s2", 0 0, L_0x5556e7521ce0;  1 drivers
S_0x5556e750c820 .scope generate, "genblk1[8]" "genblk1[8]" 3 6, 3 6 0, S_0x5556e74831b0;
 .timescale 0 0;
P_0x5556e750b780 .param/l "i" 0 3 6, +C4<01000>;
L_0x5556e7521e60 .functor XOR 1, L_0x5556e7521f00, L_0x5556e7521ff0, C4<0>, C4<0>;
v0x5556e750caa0_0 .net *"_s1", 0 0, L_0x5556e7521f00;  1 drivers
v0x5556e750cb80_0 .net *"_s2", 0 0, L_0x5556e7521ff0;  1 drivers
S_0x5556e750cc60 .scope generate, "genblk1[9]" "genblk1[9]" 3 6, 3 6 0, S_0x5556e74831b0;
 .timescale 0 0;
P_0x5556e750ce50 .param/l "i" 0 3 6, +C4<01001>;
L_0x5556e7522180 .functor XOR 1, L_0x5556e7522220, L_0x5556e7522310, C4<0>, C4<0>;
v0x5556e750cf30_0 .net *"_s1", 0 0, L_0x5556e7522220;  1 drivers
v0x5556e750d010_0 .net *"_s2", 0 0, L_0x5556e7522310;  1 drivers
S_0x5556e750d0f0 .scope generate, "genblk1[10]" "genblk1[10]" 3 6, 3 6 0, S_0x5556e74831b0;
 .timescale 0 0;
P_0x5556e750d2e0 .param/l "i" 0 3 6, +C4<01010>;
L_0x5556e75224b0 .functor XOR 1, L_0x5556e75220e0, L_0x5556e75225a0, C4<0>, C4<0>;
v0x5556e750d3c0_0 .net *"_s1", 0 0, L_0x5556e75220e0;  1 drivers
v0x5556e750d4a0_0 .net *"_s2", 0 0, L_0x5556e75225a0;  1 drivers
S_0x5556e750d580 .scope generate, "genblk1[11]" "genblk1[11]" 3 6, 3 6 0, S_0x5556e74831b0;
 .timescale 0 0;
P_0x5556e750d770 .param/l "i" 0 3 6, +C4<01011>;
L_0x5556e7522750 .functor XOR 1, L_0x5556e75227f0, L_0x5556e75228e0, C4<0>, C4<0>;
v0x5556e750d850_0 .net *"_s1", 0 0, L_0x5556e75227f0;  1 drivers
v0x5556e750d930_0 .net *"_s2", 0 0, L_0x5556e75228e0;  1 drivers
S_0x5556e750da10 .scope generate, "genblk1[12]" "genblk1[12]" 3 6, 3 6 0, S_0x5556e74831b0;
 .timescale 0 0;
P_0x5556e750dc00 .param/l "i" 0 3 6, +C4<01100>;
L_0x5556e7522aa0 .functor XOR 1, L_0x5556e7522b40, L_0x5556e7522c30, C4<0>, C4<0>;
v0x5556e750dce0_0 .net *"_s1", 0 0, L_0x5556e7522b40;  1 drivers
v0x5556e750ddc0_0 .net *"_s2", 0 0, L_0x5556e7522c30;  1 drivers
S_0x5556e750dea0 .scope generate, "genblk1[13]" "genblk1[13]" 3 6, 3 6 0, S_0x5556e74831b0;
 .timescale 0 0;
P_0x5556e750e090 .param/l "i" 0 3 6, +C4<01101>;
L_0x5556e7522e00 .functor XOR 1, L_0x5556e7522ea0, L_0x5556e7522f90, C4<0>, C4<0>;
v0x5556e750e170_0 .net *"_s1", 0 0, L_0x5556e7522ea0;  1 drivers
v0x5556e750e250_0 .net *"_s2", 0 0, L_0x5556e7522f90;  1 drivers
S_0x5556e750e330 .scope generate, "genblk1[14]" "genblk1[14]" 3 6, 3 6 0, S_0x5556e74831b0;
 .timescale 0 0;
P_0x5556e750e520 .param/l "i" 0 3 6, +C4<01110>;
L_0x5556e7523170 .functor XOR 1, L_0x5556e7523210, L_0x5556e7523300, C4<0>, C4<0>;
v0x5556e750e600_0 .net *"_s1", 0 0, L_0x5556e7523210;  1 drivers
v0x5556e750e6e0_0 .net *"_s2", 0 0, L_0x5556e7523300;  1 drivers
S_0x5556e750e7c0 .scope generate, "genblk1[15]" "genblk1[15]" 3 6, 3 6 0, S_0x5556e74831b0;
 .timescale 0 0;
P_0x5556e750e9b0 .param/l "i" 0 3 6, +C4<01111>;
L_0x5556e7523700 .functor XOR 1, L_0x5556e75237a0, L_0x5556e7523890, C4<0>, C4<0>;
v0x5556e750ea90_0 .net *"_s1", 0 0, L_0x5556e75237a0;  1 drivers
v0x5556e750eb70_0 .net *"_s2", 0 0, L_0x5556e7523890;  1 drivers
S_0x5556e750ec50 .scope generate, "genblk1[16]" "genblk1[16]" 3 6, 3 6 0, S_0x5556e74831b0;
 .timescale 0 0;
P_0x5556e750ee40 .param/l "i" 0 3 6, +C4<010000>;
L_0x5556e7523a90 .functor XOR 1, L_0x5556e7523b30, L_0x5556e7523c20, C4<0>, C4<0>;
v0x5556e750ef20_0 .net *"_s1", 0 0, L_0x5556e7523b30;  1 drivers
v0x5556e750f000_0 .net *"_s2", 0 0, L_0x5556e7523c20;  1 drivers
S_0x5556e750f0e0 .scope generate, "genblk1[17]" "genblk1[17]" 3 6, 3 6 0, S_0x5556e74831b0;
 .timescale 0 0;
P_0x5556e750f2d0 .param/l "i" 0 3 6, +C4<010001>;
L_0x5556e7523e30 .functor XOR 1, L_0x5556e7523ed0, L_0x5556e7523fc0, C4<0>, C4<0>;
v0x5556e750f3b0_0 .net *"_s1", 0 0, L_0x5556e7523ed0;  1 drivers
v0x5556e750f490_0 .net *"_s2", 0 0, L_0x5556e7523fc0;  1 drivers
S_0x5556e750f570 .scope generate, "genblk1[18]" "genblk1[18]" 3 6, 3 6 0, S_0x5556e74831b0;
 .timescale 0 0;
P_0x5556e750f760 .param/l "i" 0 3 6, +C4<010010>;
L_0x5556e75241e0 .functor XOR 1, L_0x5556e7524280, L_0x5556e7524370, C4<0>, C4<0>;
v0x5556e750f840_0 .net *"_s1", 0 0, L_0x5556e7524280;  1 drivers
v0x5556e750f920_0 .net *"_s2", 0 0, L_0x5556e7524370;  1 drivers
S_0x5556e750fa00 .scope generate, "genblk1[19]" "genblk1[19]" 3 6, 3 6 0, S_0x5556e74831b0;
 .timescale 0 0;
P_0x5556e750fbf0 .param/l "i" 0 3 6, +C4<010011>;
L_0x5556e75245a0 .functor XOR 1, L_0x5556e7524640, L_0x5556e7524730, C4<0>, C4<0>;
v0x5556e750fcd0_0 .net *"_s1", 0 0, L_0x5556e7524640;  1 drivers
v0x5556e750fdb0_0 .net *"_s2", 0 0, L_0x5556e7524730;  1 drivers
S_0x5556e750fe90 .scope generate, "genblk1[20]" "genblk1[20]" 3 6, 3 6 0, S_0x5556e74831b0;
 .timescale 0 0;
P_0x5556e7510080 .param/l "i" 0 3 6, +C4<010100>;
L_0x5556e7524970 .functor XOR 1, L_0x5556e7524a10, L_0x5556e7524b00, C4<0>, C4<0>;
v0x5556e7510160_0 .net *"_s1", 0 0, L_0x5556e7524a10;  1 drivers
v0x5556e7510240_0 .net *"_s2", 0 0, L_0x5556e7524b00;  1 drivers
S_0x5556e7510320 .scope generate, "genblk1[21]" "genblk1[21]" 3 6, 3 6 0, S_0x5556e74831b0;
 .timescale 0 0;
P_0x5556e7510510 .param/l "i" 0 3 6, +C4<010101>;
L_0x5556e7524d50 .functor XOR 1, L_0x5556e7524df0, L_0x5556e7524ee0, C4<0>, C4<0>;
v0x5556e75105f0_0 .net *"_s1", 0 0, L_0x5556e7524df0;  1 drivers
v0x5556e75106d0_0 .net *"_s2", 0 0, L_0x5556e7524ee0;  1 drivers
S_0x5556e75107b0 .scope generate, "genblk1[22]" "genblk1[22]" 3 6, 3 6 0, S_0x5556e74831b0;
 .timescale 0 0;
P_0x5556e75109a0 .param/l "i" 0 3 6, +C4<010110>;
L_0x5556e7525140 .functor XOR 1, L_0x5556e75251e0, L_0x5556e75252d0, C4<0>, C4<0>;
v0x5556e7510a80_0 .net *"_s1", 0 0, L_0x5556e75251e0;  1 drivers
v0x5556e7510b60_0 .net *"_s2", 0 0, L_0x5556e75252d0;  1 drivers
S_0x5556e7510c40 .scope generate, "genblk1[23]" "genblk1[23]" 3 6, 3 6 0, S_0x5556e74831b0;
 .timescale 0 0;
P_0x5556e7510e30 .param/l "i" 0 3 6, +C4<010111>;
L_0x5556e7525540 .functor XOR 1, L_0x5556e75255e0, L_0x5556e75256d0, C4<0>, C4<0>;
v0x5556e7510f10_0 .net *"_s1", 0 0, L_0x5556e75255e0;  1 drivers
v0x5556e7510ff0_0 .net *"_s2", 0 0, L_0x5556e75256d0;  1 drivers
S_0x5556e75110d0 .scope generate, "genblk1[24]" "genblk1[24]" 3 6, 3 6 0, S_0x5556e74831b0;
 .timescale 0 0;
P_0x5556e75112c0 .param/l "i" 0 3 6, +C4<011000>;
L_0x5556e7525950 .functor XOR 1, L_0x5556e75259f0, L_0x5556e7525ae0, C4<0>, C4<0>;
v0x5556e75113a0_0 .net *"_s1", 0 0, L_0x5556e75259f0;  1 drivers
v0x5556e7511480_0 .net *"_s2", 0 0, L_0x5556e7525ae0;  1 drivers
S_0x5556e7511560 .scope generate, "genblk1[25]" "genblk1[25]" 3 6, 3 6 0, S_0x5556e74831b0;
 .timescale 0 0;
P_0x5556e7511750 .param/l "i" 0 3 6, +C4<011001>;
L_0x5556e7525d70 .functor XOR 1, L_0x5556e7525e10, L_0x5556e7525f00, C4<0>, C4<0>;
v0x5556e7511830_0 .net *"_s1", 0 0, L_0x5556e7525e10;  1 drivers
v0x5556e7511910_0 .net *"_s2", 0 0, L_0x5556e7525f00;  1 drivers
S_0x5556e75119f0 .scope generate, "genblk1[26]" "genblk1[26]" 3 6, 3 6 0, S_0x5556e74831b0;
 .timescale 0 0;
P_0x5556e7511be0 .param/l "i" 0 3 6, +C4<011010>;
L_0x5556e75261a0 .functor XOR 1, L_0x5556e7526240, L_0x5556e7526330, C4<0>, C4<0>;
v0x5556e7511cc0_0 .net *"_s1", 0 0, L_0x5556e7526240;  1 drivers
v0x5556e7511da0_0 .net *"_s2", 0 0, L_0x5556e7526330;  1 drivers
S_0x5556e7511e80 .scope generate, "genblk1[27]" "genblk1[27]" 3 6, 3 6 0, S_0x5556e74831b0;
 .timescale 0 0;
P_0x5556e7512070 .param/l "i" 0 3 6, +C4<011011>;
L_0x5556e75265e0 .functor XOR 1, L_0x5556e7526680, L_0x5556e7526770, C4<0>, C4<0>;
v0x5556e7512150_0 .net *"_s1", 0 0, L_0x5556e7526680;  1 drivers
v0x5556e7512230_0 .net *"_s2", 0 0, L_0x5556e7526770;  1 drivers
S_0x5556e7512310 .scope generate, "genblk1[28]" "genblk1[28]" 3 6, 3 6 0, S_0x5556e74831b0;
 .timescale 0 0;
P_0x5556e7512500 .param/l "i" 0 3 6, +C4<011100>;
L_0x5556e7526a30 .functor XOR 1, L_0x5556e7526ad0, L_0x5556e7526bc0, C4<0>, C4<0>;
v0x5556e75125e0_0 .net *"_s1", 0 0, L_0x5556e7526ad0;  1 drivers
v0x5556e75126c0_0 .net *"_s2", 0 0, L_0x5556e7526bc0;  1 drivers
S_0x5556e75127a0 .scope generate, "genblk1[29]" "genblk1[29]" 3 6, 3 6 0, S_0x5556e74831b0;
 .timescale 0 0;
P_0x5556e7512990 .param/l "i" 0 3 6, +C4<011101>;
L_0x5556e7526e90 .functor XOR 1, L_0x5556e7526f30, L_0x5556e7527020, C4<0>, C4<0>;
v0x5556e7512a70_0 .net *"_s1", 0 0, L_0x5556e7526f30;  1 drivers
v0x5556e7512b50_0 .net *"_s2", 0 0, L_0x5556e7527020;  1 drivers
S_0x5556e7512c30 .scope generate, "genblk1[30]" "genblk1[30]" 3 6, 3 6 0, S_0x5556e74831b0;
 .timescale 0 0;
P_0x5556e7512e20 .param/l "i" 0 3 6, +C4<011110>;
L_0x5556e7527300 .functor XOR 1, L_0x5556e75273a0, L_0x5556e75278a0, C4<0>, C4<0>;
v0x5556e7512f00_0 .net *"_s1", 0 0, L_0x5556e75273a0;  1 drivers
v0x5556e7512fe0_0 .net *"_s2", 0 0, L_0x5556e75278a0;  1 drivers
S_0x5556e75130c0 .scope generate, "genblk1[31]" "genblk1[31]" 3 6, 3 6 0, S_0x5556e74831b0;
 .timescale 0 0;
P_0x5556e75132b0 .param/l "i" 0 3 6, +C4<011111>;
L_0x5556e7527fa0 .functor XOR 1, L_0x5556e7528040, L_0x5556e7528130, C4<0>, C4<0>;
v0x5556e7513390_0 .net *"_s1", 0 0, L_0x5556e7528040;  1 drivers
v0x5556e7513470_0 .net *"_s2", 0 0, L_0x5556e7528130;  1 drivers
S_0x5556e7513550 .scope generate, "genblk1[32]" "genblk1[32]" 3 6, 3 6 0, S_0x5556e74831b0;
 .timescale 0 0;
P_0x5556e7513740 .param/l "i" 0 3 6, +C4<0100000>;
L_0x5556e7528430 .functor XOR 1, L_0x5556e75284d0, L_0x5556e75285c0, C4<0>, C4<0>;
v0x5556e7513800_0 .net *"_s1", 0 0, L_0x5556e75284d0;  1 drivers
v0x5556e7513900_0 .net *"_s2", 0 0, L_0x5556e75285c0;  1 drivers
S_0x5556e75139e0 .scope generate, "genblk1[33]" "genblk1[33]" 3 6, 3 6 0, S_0x5556e74831b0;
 .timescale 0 0;
P_0x5556e7513bd0 .param/l "i" 0 3 6, +C4<0100001>;
L_0x5556e75288d0 .functor XOR 1, L_0x5556e7528970, L_0x5556e7528a60, C4<0>, C4<0>;
v0x5556e7513c90_0 .net *"_s1", 0 0, L_0x5556e7528970;  1 drivers
v0x5556e7513d90_0 .net *"_s2", 0 0, L_0x5556e7528a60;  1 drivers
S_0x5556e7513e70 .scope generate, "genblk1[34]" "genblk1[34]" 3 6, 3 6 0, S_0x5556e74831b0;
 .timescale 0 0;
P_0x5556e7514060 .param/l "i" 0 3 6, +C4<0100010>;
L_0x5556e7528d80 .functor XOR 1, L_0x5556e7528e20, L_0x5556e7528f10, C4<0>, C4<0>;
v0x5556e7514120_0 .net *"_s1", 0 0, L_0x5556e7528e20;  1 drivers
v0x5556e7514220_0 .net *"_s2", 0 0, L_0x5556e7528f10;  1 drivers
S_0x5556e7514300 .scope generate, "genblk1[35]" "genblk1[35]" 3 6, 3 6 0, S_0x5556e74831b0;
 .timescale 0 0;
P_0x5556e75144f0 .param/l "i" 0 3 6, +C4<0100011>;
L_0x5556e7529240 .functor XOR 1, L_0x5556e75292e0, L_0x5556e75293d0, C4<0>, C4<0>;
v0x5556e75145b0_0 .net *"_s1", 0 0, L_0x5556e75292e0;  1 drivers
v0x5556e75146b0_0 .net *"_s2", 0 0, L_0x5556e75293d0;  1 drivers
S_0x5556e7514790 .scope generate, "genblk1[36]" "genblk1[36]" 3 6, 3 6 0, S_0x5556e74831b0;
 .timescale 0 0;
P_0x5556e7514980 .param/l "i" 0 3 6, +C4<0100100>;
L_0x5556e7529710 .functor XOR 1, L_0x5556e75297b0, L_0x5556e75298a0, C4<0>, C4<0>;
v0x5556e7514a40_0 .net *"_s1", 0 0, L_0x5556e75297b0;  1 drivers
v0x5556e7514b40_0 .net *"_s2", 0 0, L_0x5556e75298a0;  1 drivers
S_0x5556e7514c20 .scope generate, "genblk1[37]" "genblk1[37]" 3 6, 3 6 0, S_0x5556e74831b0;
 .timescale 0 0;
P_0x5556e7514e10 .param/l "i" 0 3 6, +C4<0100101>;
L_0x5556e7529bf0 .functor XOR 1, L_0x5556e7529c90, L_0x5556e7529d80, C4<0>, C4<0>;
v0x5556e7514ed0_0 .net *"_s1", 0 0, L_0x5556e7529c90;  1 drivers
v0x5556e7514fd0_0 .net *"_s2", 0 0, L_0x5556e7529d80;  1 drivers
S_0x5556e75150b0 .scope generate, "genblk1[38]" "genblk1[38]" 3 6, 3 6 0, S_0x5556e74831b0;
 .timescale 0 0;
P_0x5556e75152a0 .param/l "i" 0 3 6, +C4<0100110>;
L_0x5556e752a0e0 .functor XOR 1, L_0x5556e752a180, L_0x5556e752a270, C4<0>, C4<0>;
v0x5556e7515360_0 .net *"_s1", 0 0, L_0x5556e752a180;  1 drivers
v0x5556e7515460_0 .net *"_s2", 0 0, L_0x5556e752a270;  1 drivers
S_0x5556e7515540 .scope generate, "genblk1[39]" "genblk1[39]" 3 6, 3 6 0, S_0x5556e74831b0;
 .timescale 0 0;
P_0x5556e7515730 .param/l "i" 0 3 6, +C4<0100111>;
L_0x5556e752a5e0 .functor XOR 1, L_0x5556e752a680, L_0x5556e752a770, C4<0>, C4<0>;
v0x5556e75157f0_0 .net *"_s1", 0 0, L_0x5556e752a680;  1 drivers
v0x5556e75158f0_0 .net *"_s2", 0 0, L_0x5556e752a770;  1 drivers
S_0x5556e75159d0 .scope generate, "genblk1[40]" "genblk1[40]" 3 6, 3 6 0, S_0x5556e74831b0;
 .timescale 0 0;
P_0x5556e7515bc0 .param/l "i" 0 3 6, +C4<0101000>;
L_0x5556e752aaf0 .functor XOR 1, L_0x5556e752ab90, L_0x5556e752ac80, C4<0>, C4<0>;
v0x5556e7515c80_0 .net *"_s1", 0 0, L_0x5556e752ab90;  1 drivers
v0x5556e7515d80_0 .net *"_s2", 0 0, L_0x5556e752ac80;  1 drivers
S_0x5556e7515e60 .scope generate, "genblk1[41]" "genblk1[41]" 3 6, 3 6 0, S_0x5556e74831b0;
 .timescale 0 0;
P_0x5556e7516050 .param/l "i" 0 3 6, +C4<0101001>;
L_0x5556e752b010 .functor XOR 1, L_0x5556e752b0b0, L_0x5556e752b1a0, C4<0>, C4<0>;
v0x5556e7516110_0 .net *"_s1", 0 0, L_0x5556e752b0b0;  1 drivers
v0x5556e7516210_0 .net *"_s2", 0 0, L_0x5556e752b1a0;  1 drivers
S_0x5556e75162f0 .scope generate, "genblk1[42]" "genblk1[42]" 3 6, 3 6 0, S_0x5556e74831b0;
 .timescale 0 0;
P_0x5556e75164e0 .param/l "i" 0 3 6, +C4<0101010>;
L_0x5556e752b540 .functor XOR 1, L_0x5556e752b5e0, L_0x5556e752b6d0, C4<0>, C4<0>;
v0x5556e75165a0_0 .net *"_s1", 0 0, L_0x5556e752b5e0;  1 drivers
v0x5556e75166a0_0 .net *"_s2", 0 0, L_0x5556e752b6d0;  1 drivers
S_0x5556e7516780 .scope generate, "genblk1[43]" "genblk1[43]" 3 6, 3 6 0, S_0x5556e74831b0;
 .timescale 0 0;
P_0x5556e7516970 .param/l "i" 0 3 6, +C4<0101011>;
L_0x5556e752ba80 .functor XOR 1, L_0x5556e752bb20, L_0x5556e752bc10, C4<0>, C4<0>;
v0x5556e7516a30_0 .net *"_s1", 0 0, L_0x5556e752bb20;  1 drivers
v0x5556e7516b30_0 .net *"_s2", 0 0, L_0x5556e752bc10;  1 drivers
S_0x5556e7516c10 .scope generate, "genblk1[44]" "genblk1[44]" 3 6, 3 6 0, S_0x5556e74831b0;
 .timescale 0 0;
P_0x5556e7516e00 .param/l "i" 0 3 6, +C4<0101100>;
L_0x5556e752bfd0 .functor XOR 1, L_0x5556e752c070, L_0x5556e752c160, C4<0>, C4<0>;
v0x5556e7516ec0_0 .net *"_s1", 0 0, L_0x5556e752c070;  1 drivers
v0x5556e7516fc0_0 .net *"_s2", 0 0, L_0x5556e752c160;  1 drivers
S_0x5556e75170a0 .scope generate, "genblk1[45]" "genblk1[45]" 3 6, 3 6 0, S_0x5556e74831b0;
 .timescale 0 0;
P_0x5556e7517290 .param/l "i" 0 3 6, +C4<0101101>;
L_0x5556e752c530 .functor XOR 1, L_0x5556e752c5d0, L_0x5556e752c6c0, C4<0>, C4<0>;
v0x5556e7517350_0 .net *"_s1", 0 0, L_0x5556e752c5d0;  1 drivers
v0x5556e7517450_0 .net *"_s2", 0 0, L_0x5556e752c6c0;  1 drivers
S_0x5556e7517530 .scope generate, "genblk1[46]" "genblk1[46]" 3 6, 3 6 0, S_0x5556e74831b0;
 .timescale 0 0;
P_0x5556e7517720 .param/l "i" 0 3 6, +C4<0101110>;
L_0x5556e752caa0 .functor XOR 1, L_0x5556e752cb40, L_0x5556e752cc30, C4<0>, C4<0>;
v0x5556e75177e0_0 .net *"_s1", 0 0, L_0x5556e752cb40;  1 drivers
v0x5556e75178e0_0 .net *"_s2", 0 0, L_0x5556e752cc30;  1 drivers
S_0x5556e75179c0 .scope generate, "genblk1[47]" "genblk1[47]" 3 6, 3 6 0, S_0x5556e74831b0;
 .timescale 0 0;
P_0x5556e7517bb0 .param/l "i" 0 3 6, +C4<0101111>;
L_0x5556e752d020 .functor XOR 1, L_0x5556e752d0c0, L_0x5556e752d1b0, C4<0>, C4<0>;
v0x5556e7517c70_0 .net *"_s1", 0 0, L_0x5556e752d0c0;  1 drivers
v0x5556e7517d70_0 .net *"_s2", 0 0, L_0x5556e752d1b0;  1 drivers
S_0x5556e7517e50 .scope generate, "genblk1[48]" "genblk1[48]" 3 6, 3 6 0, S_0x5556e74831b0;
 .timescale 0 0;
P_0x5556e7518040 .param/l "i" 0 3 6, +C4<0110000>;
L_0x5556e752d5b0 .functor XOR 1, L_0x5556e752d650, L_0x5556e752d740, C4<0>, C4<0>;
v0x5556e7518100_0 .net *"_s1", 0 0, L_0x5556e752d650;  1 drivers
v0x5556e7518200_0 .net *"_s2", 0 0, L_0x5556e752d740;  1 drivers
S_0x5556e75182e0 .scope generate, "genblk1[49]" "genblk1[49]" 3 6, 3 6 0, S_0x5556e74831b0;
 .timescale 0 0;
P_0x5556e75184d0 .param/l "i" 0 3 6, +C4<0110001>;
L_0x5556e752db50 .functor XOR 1, L_0x5556e752dbf0, L_0x5556e752dce0, C4<0>, C4<0>;
v0x5556e7518590_0 .net *"_s1", 0 0, L_0x5556e752dbf0;  1 drivers
v0x5556e7518690_0 .net *"_s2", 0 0, L_0x5556e752dce0;  1 drivers
S_0x5556e7518770 .scope generate, "genblk1[50]" "genblk1[50]" 3 6, 3 6 0, S_0x5556e74831b0;
 .timescale 0 0;
P_0x5556e7518960 .param/l "i" 0 3 6, +C4<0110010>;
L_0x5556e752e100 .functor XOR 1, L_0x5556e752e1a0, L_0x5556e752e290, C4<0>, C4<0>;
v0x5556e7518a20_0 .net *"_s1", 0 0, L_0x5556e752e1a0;  1 drivers
v0x5556e7518b20_0 .net *"_s2", 0 0, L_0x5556e752e290;  1 drivers
S_0x5556e7518c00 .scope generate, "genblk1[51]" "genblk1[51]" 3 6, 3 6 0, S_0x5556e74831b0;
 .timescale 0 0;
P_0x5556e7518df0 .param/l "i" 0 3 6, +C4<0110011>;
L_0x5556e752e6c0 .functor XOR 1, L_0x5556e752e760, L_0x5556e752e850, C4<0>, C4<0>;
v0x5556e7518eb0_0 .net *"_s1", 0 0, L_0x5556e752e760;  1 drivers
v0x5556e7518fb0_0 .net *"_s2", 0 0, L_0x5556e752e850;  1 drivers
S_0x5556e7519090 .scope generate, "genblk1[52]" "genblk1[52]" 3 6, 3 6 0, S_0x5556e74831b0;
 .timescale 0 0;
P_0x5556e7519280 .param/l "i" 0 3 6, +C4<0110100>;
L_0x5556e752ec90 .functor XOR 1, L_0x5556e752ed30, L_0x5556e752ee20, C4<0>, C4<0>;
v0x5556e7519340_0 .net *"_s1", 0 0, L_0x5556e752ed30;  1 drivers
v0x5556e7519440_0 .net *"_s2", 0 0, L_0x5556e752ee20;  1 drivers
S_0x5556e7519520 .scope generate, "genblk1[53]" "genblk1[53]" 3 6, 3 6 0, S_0x5556e74831b0;
 .timescale 0 0;
P_0x5556e7519710 .param/l "i" 0 3 6, +C4<0110101>;
L_0x5556e752f270 .functor XOR 1, L_0x5556e752f310, L_0x5556e752f400, C4<0>, C4<0>;
v0x5556e75197d0_0 .net *"_s1", 0 0, L_0x5556e752f310;  1 drivers
v0x5556e75198d0_0 .net *"_s2", 0 0, L_0x5556e752f400;  1 drivers
S_0x5556e75199b0 .scope generate, "genblk1[54]" "genblk1[54]" 3 6, 3 6 0, S_0x5556e74831b0;
 .timescale 0 0;
P_0x5556e7519ba0 .param/l "i" 0 3 6, +C4<0110110>;
L_0x5556e752f860 .functor XOR 1, L_0x5556e752f900, L_0x5556e752f9f0, C4<0>, C4<0>;
v0x5556e7519c60_0 .net *"_s1", 0 0, L_0x5556e752f900;  1 drivers
v0x5556e7519d60_0 .net *"_s2", 0 0, L_0x5556e752f9f0;  1 drivers
S_0x5556e7519e40 .scope generate, "genblk1[55]" "genblk1[55]" 3 6, 3 6 0, S_0x5556e74831b0;
 .timescale 0 0;
P_0x5556e751a030 .param/l "i" 0 3 6, +C4<0110111>;
L_0x5556e752fe60 .functor XOR 1, L_0x5556e752ff00, L_0x5556e752fff0, C4<0>, C4<0>;
v0x5556e751a0f0_0 .net *"_s1", 0 0, L_0x5556e752ff00;  1 drivers
v0x5556e751a1f0_0 .net *"_s2", 0 0, L_0x5556e752fff0;  1 drivers
S_0x5556e751a2d0 .scope generate, "genblk1[56]" "genblk1[56]" 3 6, 3 6 0, S_0x5556e74831b0;
 .timescale 0 0;
P_0x5556e751a4c0 .param/l "i" 0 3 6, +C4<0111000>;
L_0x5556e7530470 .functor XOR 1, L_0x5556e7530510, L_0x5556e7530600, C4<0>, C4<0>;
v0x5556e751a580_0 .net *"_s1", 0 0, L_0x5556e7530510;  1 drivers
v0x5556e751a680_0 .net *"_s2", 0 0, L_0x5556e7530600;  1 drivers
S_0x5556e751a760 .scope generate, "genblk1[57]" "genblk1[57]" 3 6, 3 6 0, S_0x5556e74831b0;
 .timescale 0 0;
P_0x5556e751a950 .param/l "i" 0 3 6, +C4<0111001>;
L_0x5556e7530a90 .functor XOR 1, L_0x5556e7530b30, L_0x5556e7530c20, C4<0>, C4<0>;
v0x5556e751aa10_0 .net *"_s1", 0 0, L_0x5556e7530b30;  1 drivers
v0x5556e751ab10_0 .net *"_s2", 0 0, L_0x5556e7530c20;  1 drivers
S_0x5556e751abf0 .scope generate, "genblk1[58]" "genblk1[58]" 3 6, 3 6 0, S_0x5556e74831b0;
 .timescale 0 0;
P_0x5556e751ade0 .param/l "i" 0 3 6, +C4<0111010>;
L_0x5556e75310c0 .functor XOR 1, L_0x5556e7531160, L_0x5556e7531250, C4<0>, C4<0>;
v0x5556e751aea0_0 .net *"_s1", 0 0, L_0x5556e7531160;  1 drivers
v0x5556e751afa0_0 .net *"_s2", 0 0, L_0x5556e7531250;  1 drivers
S_0x5556e751b080 .scope generate, "genblk1[59]" "genblk1[59]" 3 6, 3 6 0, S_0x5556e74831b0;
 .timescale 0 0;
P_0x5556e751b270 .param/l "i" 0 3 6, +C4<0111011>;
L_0x5556e7531700 .functor XOR 1, L_0x5556e75317a0, L_0x5556e7531890, C4<0>, C4<0>;
v0x5556e751b330_0 .net *"_s1", 0 0, L_0x5556e75317a0;  1 drivers
v0x5556e751b430_0 .net *"_s2", 0 0, L_0x5556e7531890;  1 drivers
S_0x5556e751b510 .scope generate, "genblk1[60]" "genblk1[60]" 3 6, 3 6 0, S_0x5556e74831b0;
 .timescale 0 0;
P_0x5556e751b700 .param/l "i" 0 3 6, +C4<0111100>;
L_0x5556e7531d50 .functor XOR 1, L_0x5556e7531df0, L_0x5556e7531ee0, C4<0>, C4<0>;
v0x5556e751b7c0_0 .net *"_s1", 0 0, L_0x5556e7531df0;  1 drivers
v0x5556e751b8c0_0 .net *"_s2", 0 0, L_0x5556e7531ee0;  1 drivers
S_0x5556e751b9a0 .scope generate, "genblk1[61]" "genblk1[61]" 3 6, 3 6 0, S_0x5556e74831b0;
 .timescale 0 0;
P_0x5556e751bb90 .param/l "i" 0 3 6, +C4<0111101>;
L_0x5556e75323b0 .functor XOR 1, L_0x5556e7532450, L_0x5556e7532540, C4<0>, C4<0>;
v0x5556e751bc50_0 .net *"_s1", 0 0, L_0x5556e7532450;  1 drivers
v0x5556e751bd50_0 .net *"_s2", 0 0, L_0x5556e7532540;  1 drivers
S_0x5556e751be30 .scope generate, "genblk1[62]" "genblk1[62]" 3 6, 3 6 0, S_0x5556e74831b0;
 .timescale 0 0;
P_0x5556e751c020 .param/l "i" 0 3 6, +C4<0111110>;
L_0x5556e7532a20 .functor XOR 1, L_0x5556e7532ac0, L_0x5556e75333c0, C4<0>, C4<0>;
v0x5556e751c0e0_0 .net *"_s1", 0 0, L_0x5556e7532ac0;  1 drivers
v0x5556e751c1e0_0 .net *"_s2", 0 0, L_0x5556e75333c0;  1 drivers
S_0x5556e751c2c0 .scope generate, "genblk1[63]" "genblk1[63]" 3 6, 3 6 0, S_0x5556e74831b0;
 .timescale 0 0;
P_0x5556e751c4b0 .param/l "i" 0 3 6, +C4<0111111>;
L_0x5556e7535560 .functor XOR 1, L_0x5556e7535620, L_0x5556e7535b20, C4<0>, C4<0>;
v0x5556e751c570_0 .net *"_s1", 0 0, L_0x5556e7535620;  1 drivers
v0x5556e751c670_0 .net *"_s2", 0 0, L_0x5556e7535b20;  1 drivers
    .scope S_0x5556e7483030;
T_0 ;
    %vpi_call 2 9 "$dumpfile", "xor64.vcd" {0 0 0};
    %vpi_call 2 10 "$dumpvars", 32'sb00000000000000000000000000000000, S_0x5556e7483030 {0 0 0};
    %vpi_call 2 11 "$monitor", $time, " x=%b \012\011\011   y=%b \012\011\011   out=%b\012\011\011", v0x5556e75204d0_0, v0x5556e7520590_0, v0x5556e7520660_0 {0 0 0};
    %pushi/vec4 5, 0, 64;
    %store/vec4 v0x5556e75204d0_0, 0, 64;
    %pushi/vec4 3, 0, 64;
    %store/vec4 v0x5556e7520590_0, 0, 64;
    %delay 5, 0;
    %pushi/vec4 245, 0, 64;
    %store/vec4 v0x5556e75204d0_0, 0, 64;
    %pushi/vec4 211, 0, 64;
    %store/vec4 v0x5556e7520590_0, 0, 64;
    %delay 10, 0;
    %pushi/vec4 456, 0, 64;
    %store/vec4 v0x5556e75204d0_0, 0, 64;
    %pushi/vec4 789, 0, 64;
    %store/vec4 v0x5556e7520590_0, 0, 64;
    %delay 15, 0;
    %pushi/vec4 123, 0, 64;
    %store/vec4 v0x5556e75204d0_0, 0, 64;
    %pushi/vec4 456, 0, 64;
    %store/vec4 v0x5556e7520590_0, 0, 64;
    %end;
    .thread T_0;
# The file index is used to find the file name in the following table.
:file_names 4;
    "N/A";
    "<interactive>";
    "xor64_test.v";
    "xor64.v";
