#! /usr/bin/vvp
:ivl_version "10.3 (stable)";
:ivl_delay_selection "TYPICAL";
:vpi_time_precision + 0;
:vpi_module "system";
:vpi_module "vhdl_sys";
:vpi_module "v2005_math";
:vpi_module "va_math";
S_0x558bdee37030 .scope module, "testbench" "testbench" 2 1;
 .timescale 0 0;
v0x558bdeed4530_0 .var/s "a", 63 0;
v0x558bdeed45f0_0 .var/s "b", 63 0;
v0x558bdeed46c0_0 .net/s "out", 63 0, L_0x558bdeee8120;  1 drivers
S_0x558bdee371b0 .scope module, "func" "and64" 2 5, 3 1 0, S_0x558bdee37030;
 .timescale 0 0;
    .port_info 0 /INPUT 64 "a"
    .port_info 1 /INPUT 64 "b"
    .port_info 2 /OUTPUT 64 "out"
v0x558bdeed07b0_0 .net *"_s0", 0 0, L_0x558bdeed47c0;  1 drivers
v0x558bdeed08b0_0 .net *"_s100", 0 0, L_0x558bdeed9dd0;  1 drivers
v0x558bdeed0990_0 .net *"_s104", 0 0, L_0x558bdeeda200;  1 drivers
v0x558bdeed0a50_0 .net *"_s108", 0 0, L_0x558bdeeda640;  1 drivers
v0x558bdeed0b30_0 .net *"_s112", 0 0, L_0x558bdeedaa90;  1 drivers
v0x558bdeed0c60_0 .net *"_s116", 0 0, L_0x558bdeedaef0;  1 drivers
v0x558bdeed0d40_0 .net *"_s12", 0 0, L_0x558bdeed5040;  1 drivers
v0x558bdeed0e20_0 .net *"_s120", 0 0, L_0x558bdeedb360;  1 drivers
v0x558bdeed0f00_0 .net *"_s124", 0 0, L_0x558bdeedc000;  1 drivers
v0x558bdeed0fe0_0 .net *"_s128", 0 0, L_0x558bdeedc460;  1 drivers
v0x558bdeed10c0_0 .net *"_s132", 0 0, L_0x558bdeedc930;  1 drivers
v0x558bdeed11a0_0 .net *"_s136", 0 0, L_0x558bdeedcde0;  1 drivers
v0x558bdeed1280_0 .net *"_s140", 0 0, L_0x558bdeedd2a0;  1 drivers
v0x558bdeed1360_0 .net *"_s144", 0 0, L_0x558bdeedd770;  1 drivers
v0x558bdeed1440_0 .net *"_s148", 0 0, L_0x558bdeeddc50;  1 drivers
v0x558bdeed1520_0 .net *"_s152", 0 0, L_0x558bdeede140;  1 drivers
v0x558bdeed1600_0 .net *"_s156", 0 0, L_0x558bdeede640;  1 drivers
v0x558bdeed16e0_0 .net *"_s16", 0 0, L_0x558bdeed5290;  1 drivers
v0x558bdeed17c0_0 .net *"_s160", 0 0, L_0x558bdeedeb50;  1 drivers
v0x558bdeed18a0_0 .net *"_s164", 0 0, L_0x558bdeedf070;  1 drivers
v0x558bdeed1980_0 .net *"_s168", 0 0, L_0x558bdeedf5a0;  1 drivers
v0x558bdeed1a60_0 .net *"_s172", 0 0, L_0x558bdeedfae0;  1 drivers
v0x558bdeed1b40_0 .net *"_s176", 0 0, L_0x558bdeee0030;  1 drivers
v0x558bdeed1c20_0 .net *"_s180", 0 0, L_0x558bdeee0590;  1 drivers
v0x558bdeed1d00_0 .net *"_s184", 0 0, L_0x558bdeee0b00;  1 drivers
v0x558bdeed1de0_0 .net *"_s188", 0 0, L_0x558bdeee1080;  1 drivers
v0x558bdeed1ec0_0 .net *"_s192", 0 0, L_0x558bdeee1610;  1 drivers
v0x558bdeed1fa0_0 .net *"_s196", 0 0, L_0x558bdeee1bb0;  1 drivers
v0x558bdeed2080_0 .net *"_s20", 0 0, L_0x558bdeed5570;  1 drivers
v0x558bdeed2160_0 .net *"_s200", 0 0, L_0x558bdeee2160;  1 drivers
v0x558bdeed2240_0 .net *"_s204", 0 0, L_0x558bdeee2720;  1 drivers
v0x558bdeed2320_0 .net *"_s208", 0 0, L_0x558bdeee2cf0;  1 drivers
v0x558bdeed2400_0 .net *"_s212", 0 0, L_0x558bdeee32d0;  1 drivers
v0x558bdeed26f0_0 .net *"_s216", 0 0, L_0x558bdeee38c0;  1 drivers
v0x558bdeed27d0_0 .net *"_s220", 0 0, L_0x558bdeee3ec0;  1 drivers
v0x558bdeed28b0_0 .net *"_s224", 0 0, L_0x558bdeee44d0;  1 drivers
v0x558bdeed2990_0 .net *"_s228", 0 0, L_0x558bdeee4af0;  1 drivers
v0x558bdeed2a70_0 .net *"_s232", 0 0, L_0x558bdeee5120;  1 drivers
v0x558bdeed2b50_0 .net *"_s236", 0 0, L_0x558bdeee5760;  1 drivers
v0x558bdeed2c30_0 .net *"_s24", 0 0, L_0x558bdeed5810;  1 drivers
v0x558bdeed2d10_0 .net *"_s240", 0 0, L_0x558bdeee5db0;  1 drivers
v0x558bdeed2df0_0 .net *"_s244", 0 0, L_0x558bdeee6410;  1 drivers
v0x558bdeed2ed0_0 .net *"_s248", 0 0, L_0x558bdeee6a80;  1 drivers
v0x558bdeed2fb0_0 .net *"_s252", 0 0, L_0x558bdeee95c0;  1 drivers
v0x558bdeed3090_0 .net *"_s28", 0 0, L_0x558bdeed57a0;  1 drivers
v0x558bdeed3170_0 .net *"_s32", 0 0, L_0x558bdeed5ec0;  1 drivers
v0x558bdeed3250_0 .net *"_s36", 0 0, L_0x558bdeed61e0;  1 drivers
v0x558bdeed3330_0 .net *"_s4", 0 0, L_0x558bdeed4af0;  1 drivers
v0x558bdeed3410_0 .net *"_s40", 0 0, L_0x558bdeed6510;  1 drivers
v0x558bdeed34f0_0 .net *"_s44", 0 0, L_0x558bdeed67b0;  1 drivers
v0x558bdeed35d0_0 .net *"_s48", 0 0, L_0x558bdeed6b00;  1 drivers
v0x558bdeed36b0_0 .net *"_s52", 0 0, L_0x558bdeed6e60;  1 drivers
v0x558bdeed3790_0 .net *"_s56", 0 0, L_0x558bdeed71d0;  1 drivers
v0x558bdeed3870_0 .net *"_s60", 0 0, L_0x558bdeed7760;  1 drivers
v0x558bdeed3950_0 .net *"_s64", 0 0, L_0x558bdeed7af0;  1 drivers
v0x558bdeed3a30_0 .net *"_s68", 0 0, L_0x558bdeed7e90;  1 drivers
v0x558bdeed3b10_0 .net *"_s72", 0 0, L_0x558bdeed8240;  1 drivers
v0x558bdeed3bf0_0 .net *"_s76", 0 0, L_0x558bdeed8600;  1 drivers
v0x558bdeed3cd0_0 .net *"_s8", 0 0, L_0x558bdeed4d70;  1 drivers
v0x558bdeed3db0_0 .net *"_s80", 0 0, L_0x558bdeed89d0;  1 drivers
v0x558bdeed3e90_0 .net *"_s84", 0 0, L_0x558bdeed8db0;  1 drivers
v0x558bdeed3f70_0 .net *"_s88", 0 0, L_0x558bdeed91a0;  1 drivers
v0x558bdeed4050_0 .net *"_s92", 0 0, L_0x558bdeed95a0;  1 drivers
v0x558bdeed4130_0 .net *"_s96", 0 0, L_0x558bdeed99b0;  1 drivers
v0x558bdeed4210_0 .net/s "a", 63 0, v0x558bdeed4530_0;  1 drivers
v0x558bdeed42f0_0 .net/s "b", 63 0, v0x558bdeed45f0_0;  1 drivers
v0x558bdeed43d0_0 .net/s "out", 63 0, L_0x558bdeee8120;  alias, 1 drivers
L_0x558bdeed48c0 .part v0x558bdeed4530_0, 0, 1;
L_0x558bdeed49b0 .part v0x558bdeed45f0_0, 0, 1;
L_0x558bdeed4b60 .part v0x558bdeed4530_0, 1, 1;
L_0x558bdeed4c50 .part v0x558bdeed45f0_0, 1, 1;
L_0x558bdeed4de0 .part v0x558bdeed4530_0, 2, 1;
L_0x558bdeed4ed0 .part v0x558bdeed45f0_0, 2, 1;
L_0x558bdeed50b0 .part v0x558bdeed4530_0, 3, 1;
L_0x558bdeed5150 .part v0x558bdeed45f0_0, 3, 1;
L_0x558bdeed5330 .part v0x558bdeed4530_0, 4, 1;
L_0x558bdeed5420 .part v0x558bdeed45f0_0, 4, 1;
L_0x558bdeed5610 .part v0x558bdeed4530_0, 5, 1;
L_0x558bdeed56b0 .part v0x558bdeed45f0_0, 5, 1;
L_0x558bdeed58b0 .part v0x558bdeed4530_0, 6, 1;
L_0x558bdeed59a0 .part v0x558bdeed45f0_0, 6, 1;
L_0x558bdeed5c50 .part v0x558bdeed4530_0, 7, 1;
L_0x558bdeed5d40 .part v0x558bdeed45f0_0, 7, 1;
L_0x558bdeed5f60 .part v0x558bdeed4530_0, 8, 1;
L_0x558bdeed6050 .part v0x558bdeed45f0_0, 8, 1;
L_0x558bdeed6280 .part v0x558bdeed4530_0, 9, 1;
L_0x558bdeed6370 .part v0x558bdeed45f0_0, 9, 1;
L_0x558bdeed6140 .part v0x558bdeed4530_0, 10, 1;
L_0x558bdeed6600 .part v0x558bdeed45f0_0, 10, 1;
L_0x558bdeed6850 .part v0x558bdeed4530_0, 11, 1;
L_0x558bdeed6940 .part v0x558bdeed45f0_0, 11, 1;
L_0x558bdeed6ba0 .part v0x558bdeed4530_0, 12, 1;
L_0x558bdeed6c90 .part v0x558bdeed45f0_0, 12, 1;
L_0x558bdeed6f00 .part v0x558bdeed4530_0, 13, 1;
L_0x558bdeed6ff0 .part v0x558bdeed45f0_0, 13, 1;
L_0x558bdeed7270 .part v0x558bdeed4530_0, 14, 1;
L_0x558bdeed7360 .part v0x558bdeed45f0_0, 14, 1;
L_0x558bdeed7800 .part v0x558bdeed4530_0, 15, 1;
L_0x558bdeed78f0 .part v0x558bdeed45f0_0, 15, 1;
L_0x558bdeed7b90 .part v0x558bdeed4530_0, 16, 1;
L_0x558bdeed7c80 .part v0x558bdeed45f0_0, 16, 1;
L_0x558bdeed7f30 .part v0x558bdeed4530_0, 17, 1;
L_0x558bdeed8020 .part v0x558bdeed45f0_0, 17, 1;
L_0x558bdeed82e0 .part v0x558bdeed4530_0, 18, 1;
L_0x558bdeed83d0 .part v0x558bdeed45f0_0, 18, 1;
L_0x558bdeed86a0 .part v0x558bdeed4530_0, 19, 1;
L_0x558bdeed8790 .part v0x558bdeed45f0_0, 19, 1;
L_0x558bdeed8a70 .part v0x558bdeed4530_0, 20, 1;
L_0x558bdeed8b60 .part v0x558bdeed45f0_0, 20, 1;
L_0x558bdeed8e50 .part v0x558bdeed4530_0, 21, 1;
L_0x558bdeed8f40 .part v0x558bdeed45f0_0, 21, 1;
L_0x558bdeed9240 .part v0x558bdeed4530_0, 22, 1;
L_0x558bdeed9330 .part v0x558bdeed45f0_0, 22, 1;
L_0x558bdeed9640 .part v0x558bdeed4530_0, 23, 1;
L_0x558bdeed9730 .part v0x558bdeed45f0_0, 23, 1;
L_0x558bdeed9a50 .part v0x558bdeed4530_0, 24, 1;
L_0x558bdeed9b40 .part v0x558bdeed45f0_0, 24, 1;
L_0x558bdeed9e70 .part v0x558bdeed4530_0, 25, 1;
L_0x558bdeed9f60 .part v0x558bdeed45f0_0, 25, 1;
L_0x558bdeeda2a0 .part v0x558bdeed4530_0, 26, 1;
L_0x558bdeeda390 .part v0x558bdeed45f0_0, 26, 1;
L_0x558bdeeda6e0 .part v0x558bdeed4530_0, 27, 1;
L_0x558bdeeda7d0 .part v0x558bdeed45f0_0, 27, 1;
L_0x558bdeedab30 .part v0x558bdeed4530_0, 28, 1;
L_0x558bdeedac20 .part v0x558bdeed45f0_0, 28, 1;
L_0x558bdeedaf90 .part v0x558bdeed4530_0, 29, 1;
L_0x558bdeedb080 .part v0x558bdeed45f0_0, 29, 1;
L_0x558bdeedb400 .part v0x558bdeed4530_0, 30, 1;
L_0x558bdeedb900 .part v0x558bdeed45f0_0, 30, 1;
L_0x558bdeedc070 .part v0x558bdeed4530_0, 31, 1;
L_0x558bdeedc160 .part v0x558bdeed45f0_0, 31, 1;
L_0x558bdeedc530 .part v0x558bdeed4530_0, 32, 1;
L_0x558bdeedc620 .part v0x558bdeed45f0_0, 32, 1;
L_0x558bdeedc9d0 .part v0x558bdeed4530_0, 33, 1;
L_0x558bdeedcac0 .part v0x558bdeed45f0_0, 33, 1;
L_0x558bdeedce80 .part v0x558bdeed4530_0, 34, 1;
L_0x558bdeedcf70 .part v0x558bdeed45f0_0, 34, 1;
L_0x558bdeedd340 .part v0x558bdeed4530_0, 35, 1;
L_0x558bdeedd430 .part v0x558bdeed45f0_0, 35, 1;
L_0x558bdeedd810 .part v0x558bdeed4530_0, 36, 1;
L_0x558bdeedd900 .part v0x558bdeed45f0_0, 36, 1;
L_0x558bdeeddcf0 .part v0x558bdeed4530_0, 37, 1;
L_0x558bdeeddde0 .part v0x558bdeed45f0_0, 37, 1;
L_0x558bdeede1e0 .part v0x558bdeed4530_0, 38, 1;
L_0x558bdeede2d0 .part v0x558bdeed45f0_0, 38, 1;
L_0x558bdeede6e0 .part v0x558bdeed4530_0, 39, 1;
L_0x558bdeede7d0 .part v0x558bdeed45f0_0, 39, 1;
L_0x558bdeedebf0 .part v0x558bdeed4530_0, 40, 1;
L_0x558bdeedece0 .part v0x558bdeed45f0_0, 40, 1;
L_0x558bdeedf110 .part v0x558bdeed4530_0, 41, 1;
L_0x558bdeedf200 .part v0x558bdeed45f0_0, 41, 1;
L_0x558bdeedf640 .part v0x558bdeed4530_0, 42, 1;
L_0x558bdeedf730 .part v0x558bdeed45f0_0, 42, 1;
L_0x558bdeedfb80 .part v0x558bdeed4530_0, 43, 1;
L_0x558bdeedfc70 .part v0x558bdeed45f0_0, 43, 1;
L_0x558bdeee00d0 .part v0x558bdeed4530_0, 44, 1;
L_0x558bdeee01c0 .part v0x558bdeed45f0_0, 44, 1;
L_0x558bdeee0630 .part v0x558bdeed4530_0, 45, 1;
L_0x558bdeee0720 .part v0x558bdeed45f0_0, 45, 1;
L_0x558bdeee0ba0 .part v0x558bdeed4530_0, 46, 1;
L_0x558bdeee0c90 .part v0x558bdeed45f0_0, 46, 1;
L_0x558bdeee1120 .part v0x558bdeed4530_0, 47, 1;
L_0x558bdeee1210 .part v0x558bdeed45f0_0, 47, 1;
L_0x558bdeee16b0 .part v0x558bdeed4530_0, 48, 1;
L_0x558bdeee17a0 .part v0x558bdeed45f0_0, 48, 1;
L_0x558bdeee1c50 .part v0x558bdeed4530_0, 49, 1;
L_0x558bdeee1d40 .part v0x558bdeed45f0_0, 49, 1;
L_0x558bdeee2200 .part v0x558bdeed4530_0, 50, 1;
L_0x558bdeee22f0 .part v0x558bdeed45f0_0, 50, 1;
L_0x558bdeee27c0 .part v0x558bdeed4530_0, 51, 1;
L_0x558bdeee28b0 .part v0x558bdeed45f0_0, 51, 1;
L_0x558bdeee2d90 .part v0x558bdeed4530_0, 52, 1;
L_0x558bdeee2e80 .part v0x558bdeed45f0_0, 52, 1;
L_0x558bdeee3370 .part v0x558bdeed4530_0, 53, 1;
L_0x558bdeee3460 .part v0x558bdeed45f0_0, 53, 1;
L_0x558bdeee3960 .part v0x558bdeed4530_0, 54, 1;
L_0x558bdeee3a50 .part v0x558bdeed45f0_0, 54, 1;
L_0x558bdeee3f60 .part v0x558bdeed4530_0, 55, 1;
L_0x558bdeee4050 .part v0x558bdeed45f0_0, 55, 1;
L_0x558bdeee4570 .part v0x558bdeed4530_0, 56, 1;
L_0x558bdeee4660 .part v0x558bdeed45f0_0, 56, 1;
L_0x558bdeee4b90 .part v0x558bdeed4530_0, 57, 1;
L_0x558bdeee4c80 .part v0x558bdeed45f0_0, 57, 1;
L_0x558bdeee51c0 .part v0x558bdeed4530_0, 58, 1;
L_0x558bdeee52b0 .part v0x558bdeed45f0_0, 58, 1;
L_0x558bdeee5800 .part v0x558bdeed4530_0, 59, 1;
L_0x558bdeee58f0 .part v0x558bdeed45f0_0, 59, 1;
L_0x558bdeee5e50 .part v0x558bdeed4530_0, 60, 1;
L_0x558bdeee5f40 .part v0x558bdeed45f0_0, 60, 1;
L_0x558bdeee64b0 .part v0x558bdeed4530_0, 61, 1;
L_0x558bdeee65a0 .part v0x558bdeed45f0_0, 61, 1;
L_0x558bdeee6b20 .part v0x558bdeed4530_0, 62, 1;
L_0x558bdeee7420 .part v0x558bdeed45f0_0, 62, 1;
LS_0x558bdeee8120_0_0 .concat8 [ 1 1 1 1], L_0x558bdeed47c0, L_0x558bdeed4af0, L_0x558bdeed4d70, L_0x558bdeed5040;
LS_0x558bdeee8120_0_4 .concat8 [ 1 1 1 1], L_0x558bdeed5290, L_0x558bdeed5570, L_0x558bdeed5810, L_0x558bdeed57a0;
LS_0x558bdeee8120_0_8 .concat8 [ 1 1 1 1], L_0x558bdeed5ec0, L_0x558bdeed61e0, L_0x558bdeed6510, L_0x558bdeed67b0;
LS_0x558bdeee8120_0_12 .concat8 [ 1 1 1 1], L_0x558bdeed6b00, L_0x558bdeed6e60, L_0x558bdeed71d0, L_0x558bdeed7760;
LS_0x558bdeee8120_0_16 .concat8 [ 1 1 1 1], L_0x558bdeed7af0, L_0x558bdeed7e90, L_0x558bdeed8240, L_0x558bdeed8600;
LS_0x558bdeee8120_0_20 .concat8 [ 1 1 1 1], L_0x558bdeed89d0, L_0x558bdeed8db0, L_0x558bdeed91a0, L_0x558bdeed95a0;
LS_0x558bdeee8120_0_24 .concat8 [ 1 1 1 1], L_0x558bdeed99b0, L_0x558bdeed9dd0, L_0x558bdeeda200, L_0x558bdeeda640;
LS_0x558bdeee8120_0_28 .concat8 [ 1 1 1 1], L_0x558bdeedaa90, L_0x558bdeedaef0, L_0x558bdeedb360, L_0x558bdeedc000;
LS_0x558bdeee8120_0_32 .concat8 [ 1 1 1 1], L_0x558bdeedc460, L_0x558bdeedc930, L_0x558bdeedcde0, L_0x558bdeedd2a0;
LS_0x558bdeee8120_0_36 .concat8 [ 1 1 1 1], L_0x558bdeedd770, L_0x558bdeeddc50, L_0x558bdeede140, L_0x558bdeede640;
LS_0x558bdeee8120_0_40 .concat8 [ 1 1 1 1], L_0x558bdeedeb50, L_0x558bdeedf070, L_0x558bdeedf5a0, L_0x558bdeedfae0;
LS_0x558bdeee8120_0_44 .concat8 [ 1 1 1 1], L_0x558bdeee0030, L_0x558bdeee0590, L_0x558bdeee0b00, L_0x558bdeee1080;
LS_0x558bdeee8120_0_48 .concat8 [ 1 1 1 1], L_0x558bdeee1610, L_0x558bdeee1bb0, L_0x558bdeee2160, L_0x558bdeee2720;
LS_0x558bdeee8120_0_52 .concat8 [ 1 1 1 1], L_0x558bdeee2cf0, L_0x558bdeee32d0, L_0x558bdeee38c0, L_0x558bdeee3ec0;
LS_0x558bdeee8120_0_56 .concat8 [ 1 1 1 1], L_0x558bdeee44d0, L_0x558bdeee4af0, L_0x558bdeee5120, L_0x558bdeee5760;
LS_0x558bdeee8120_0_60 .concat8 [ 1 1 1 1], L_0x558bdeee5db0, L_0x558bdeee6410, L_0x558bdeee6a80, L_0x558bdeee95c0;
LS_0x558bdeee8120_1_0 .concat8 [ 4 4 4 4], LS_0x558bdeee8120_0_0, LS_0x558bdeee8120_0_4, LS_0x558bdeee8120_0_8, LS_0x558bdeee8120_0_12;
LS_0x558bdeee8120_1_4 .concat8 [ 4 4 4 4], LS_0x558bdeee8120_0_16, LS_0x558bdeee8120_0_20, LS_0x558bdeee8120_0_24, LS_0x558bdeee8120_0_28;
LS_0x558bdeee8120_1_8 .concat8 [ 4 4 4 4], LS_0x558bdeee8120_0_32, LS_0x558bdeee8120_0_36, LS_0x558bdeee8120_0_40, LS_0x558bdeee8120_0_44;
LS_0x558bdeee8120_1_12 .concat8 [ 4 4 4 4], LS_0x558bdeee8120_0_48, LS_0x558bdeee8120_0_52, LS_0x558bdeee8120_0_56, LS_0x558bdeee8120_0_60;
L_0x558bdeee8120 .concat8 [ 16 16 16 16], LS_0x558bdeee8120_1_0, LS_0x558bdeee8120_1_4, LS_0x558bdeee8120_1_8, LS_0x558bdeee8120_1_12;
L_0x558bdeee9680 .part v0x558bdeed4530_0, 63, 1;
L_0x558bdeee9b80 .part v0x558bdeed45f0_0, 63, 1;
S_0x558bdee6ec70 .scope generate, "genblk1[0]" "genblk1[0]" 3 6, 3 6 0, S_0x558bdee371b0;
 .timescale 0 0;
P_0x558bdee6ee40 .param/l "i" 0 3 6, +C4<00>;
L_0x558bdeed47c0 .functor AND 1, L_0x558bdeed48c0, L_0x558bdeed49b0, C4<1>, C4<1>;
v0x558bdee7f1e0_0 .net *"_s1", 0 0, L_0x558bdeed48c0;  1 drivers
v0x558bdee7e630_0 .net *"_s2", 0 0, L_0x558bdeed49b0;  1 drivers
S_0x558bdeebeb50 .scope generate, "genblk1[1]" "genblk1[1]" 3 6, 3 6 0, S_0x558bdee371b0;
 .timescale 0 0;
P_0x558bdeebed60 .param/l "i" 0 3 6, +C4<01>;
L_0x558bdeed4af0 .functor AND 1, L_0x558bdeed4b60, L_0x558bdeed4c50, C4<1>, C4<1>;
v0x558bdee7abc0_0 .net *"_s1", 0 0, L_0x558bdeed4b60;  1 drivers
v0x558bdee71f80_0 .net *"_s2", 0 0, L_0x558bdeed4c50;  1 drivers
S_0x558bdeebeea0 .scope generate, "genblk1[2]" "genblk1[2]" 3 6, 3 6 0, S_0x558bdee371b0;
 .timescale 0 0;
P_0x558bdeebf0c0 .param/l "i" 0 3 6, +C4<010>;
L_0x558bdeed4d70 .functor AND 1, L_0x558bdeed4de0, L_0x558bdeed4ed0, C4<1>, C4<1>;
v0x558bdee713d0_0 .net *"_s1", 0 0, L_0x558bdeed4de0;  1 drivers
v0x558bdee70840_0 .net *"_s2", 0 0, L_0x558bdeed4ed0;  1 drivers
S_0x558bdeebf200 .scope generate, "genblk1[3]" "genblk1[3]" 3 6, 3 6 0, S_0x558bdee371b0;
 .timescale 0 0;
P_0x558bdeebf3f0 .param/l "i" 0 3 6, +C4<011>;
L_0x558bdeed5040 .functor AND 1, L_0x558bdeed50b0, L_0x558bdeed5150, C4<1>, C4<1>;
v0x558bdee6b950_0 .net *"_s1", 0 0, L_0x558bdeed50b0;  1 drivers
v0x558bdeebf510_0 .net *"_s2", 0 0, L_0x558bdeed5150;  1 drivers
S_0x558bdeebf5f0 .scope generate, "genblk1[4]" "genblk1[4]" 3 6, 3 6 0, S_0x558bdee371b0;
 .timescale 0 0;
P_0x558bdeebf830 .param/l "i" 0 3 6, +C4<0100>;
L_0x558bdeed5290 .functor AND 1, L_0x558bdeed5330, L_0x558bdeed5420, C4<1>, C4<1>;
v0x558bdeebf910_0 .net *"_s1", 0 0, L_0x558bdeed5330;  1 drivers
v0x558bdeebf9f0_0 .net *"_s2", 0 0, L_0x558bdeed5420;  1 drivers
S_0x558bdeebfad0 .scope generate, "genblk1[5]" "genblk1[5]" 3 6, 3 6 0, S_0x558bdee371b0;
 .timescale 0 0;
P_0x558bdeebfcc0 .param/l "i" 0 3 6, +C4<0101>;
L_0x558bdeed5570 .functor AND 1, L_0x558bdeed5610, L_0x558bdeed56b0, C4<1>, C4<1>;
v0x558bdeebfda0_0 .net *"_s1", 0 0, L_0x558bdeed5610;  1 drivers
v0x558bdeebfe80_0 .net *"_s2", 0 0, L_0x558bdeed56b0;  1 drivers
S_0x558bdeebff60 .scope generate, "genblk1[6]" "genblk1[6]" 3 6, 3 6 0, S_0x558bdee371b0;
 .timescale 0 0;
P_0x558bdeec0150 .param/l "i" 0 3 6, +C4<0110>;
L_0x558bdeed5810 .functor AND 1, L_0x558bdeed58b0, L_0x558bdeed59a0, C4<1>, C4<1>;
v0x558bdeec0230_0 .net *"_s1", 0 0, L_0x558bdeed58b0;  1 drivers
v0x558bdeec0310_0 .net *"_s2", 0 0, L_0x558bdeed59a0;  1 drivers
S_0x558bdeec03f0 .scope generate, "genblk1[7]" "genblk1[7]" 3 6, 3 6 0, S_0x558bdee371b0;
 .timescale 0 0;
P_0x558bdeec05e0 .param/l "i" 0 3 6, +C4<0111>;
L_0x558bdeed57a0 .functor AND 1, L_0x558bdeed5c50, L_0x558bdeed5d40, C4<1>, C4<1>;
v0x558bdeec06c0_0 .net *"_s1", 0 0, L_0x558bdeed5c50;  1 drivers
v0x558bdeec07a0_0 .net *"_s2", 0 0, L_0x558bdeed5d40;  1 drivers
S_0x558bdeec0880 .scope generate, "genblk1[8]" "genblk1[8]" 3 6, 3 6 0, S_0x558bdee371b0;
 .timescale 0 0;
P_0x558bdeebf7e0 .param/l "i" 0 3 6, +C4<01000>;
L_0x558bdeed5ec0 .functor AND 1, L_0x558bdeed5f60, L_0x558bdeed6050, C4<1>, C4<1>;
v0x558bdeec0b00_0 .net *"_s1", 0 0, L_0x558bdeed5f60;  1 drivers
v0x558bdeec0be0_0 .net *"_s2", 0 0, L_0x558bdeed6050;  1 drivers
S_0x558bdeec0cc0 .scope generate, "genblk1[9]" "genblk1[9]" 3 6, 3 6 0, S_0x558bdee371b0;
 .timescale 0 0;
P_0x558bdeec0eb0 .param/l "i" 0 3 6, +C4<01001>;
L_0x558bdeed61e0 .functor AND 1, L_0x558bdeed6280, L_0x558bdeed6370, C4<1>, C4<1>;
v0x558bdeec0f90_0 .net *"_s1", 0 0, L_0x558bdeed6280;  1 drivers
v0x558bdeec1070_0 .net *"_s2", 0 0, L_0x558bdeed6370;  1 drivers
S_0x558bdeec1150 .scope generate, "genblk1[10]" "genblk1[10]" 3 6, 3 6 0, S_0x558bdee371b0;
 .timescale 0 0;
P_0x558bdeec1340 .param/l "i" 0 3 6, +C4<01010>;
L_0x558bdeed6510 .functor AND 1, L_0x558bdeed6140, L_0x558bdeed6600, C4<1>, C4<1>;
v0x558bdeec1420_0 .net *"_s1", 0 0, L_0x558bdeed6140;  1 drivers
v0x558bdeec1500_0 .net *"_s2", 0 0, L_0x558bdeed6600;  1 drivers
S_0x558bdeec15e0 .scope generate, "genblk1[11]" "genblk1[11]" 3 6, 3 6 0, S_0x558bdee371b0;
 .timescale 0 0;
P_0x558bdeec17d0 .param/l "i" 0 3 6, +C4<01011>;
L_0x558bdeed67b0 .functor AND 1, L_0x558bdeed6850, L_0x558bdeed6940, C4<1>, C4<1>;
v0x558bdeec18b0_0 .net *"_s1", 0 0, L_0x558bdeed6850;  1 drivers
v0x558bdeec1990_0 .net *"_s2", 0 0, L_0x558bdeed6940;  1 drivers
S_0x558bdeec1a70 .scope generate, "genblk1[12]" "genblk1[12]" 3 6, 3 6 0, S_0x558bdee371b0;
 .timescale 0 0;
P_0x558bdeec1c60 .param/l "i" 0 3 6, +C4<01100>;
L_0x558bdeed6b00 .functor AND 1, L_0x558bdeed6ba0, L_0x558bdeed6c90, C4<1>, C4<1>;
v0x558bdeec1d40_0 .net *"_s1", 0 0, L_0x558bdeed6ba0;  1 drivers
v0x558bdeec1e20_0 .net *"_s2", 0 0, L_0x558bdeed6c90;  1 drivers
S_0x558bdeec1f00 .scope generate, "genblk1[13]" "genblk1[13]" 3 6, 3 6 0, S_0x558bdee371b0;
 .timescale 0 0;
P_0x558bdeec20f0 .param/l "i" 0 3 6, +C4<01101>;
L_0x558bdeed6e60 .functor AND 1, L_0x558bdeed6f00, L_0x558bdeed6ff0, C4<1>, C4<1>;
v0x558bdeec21d0_0 .net *"_s1", 0 0, L_0x558bdeed6f00;  1 drivers
v0x558bdeec22b0_0 .net *"_s2", 0 0, L_0x558bdeed6ff0;  1 drivers
S_0x558bdeec2390 .scope generate, "genblk1[14]" "genblk1[14]" 3 6, 3 6 0, S_0x558bdee371b0;
 .timescale 0 0;
P_0x558bdeec2580 .param/l "i" 0 3 6, +C4<01110>;
L_0x558bdeed71d0 .functor AND 1, L_0x558bdeed7270, L_0x558bdeed7360, C4<1>, C4<1>;
v0x558bdeec2660_0 .net *"_s1", 0 0, L_0x558bdeed7270;  1 drivers
v0x558bdeec2740_0 .net *"_s2", 0 0, L_0x558bdeed7360;  1 drivers
S_0x558bdeec2820 .scope generate, "genblk1[15]" "genblk1[15]" 3 6, 3 6 0, S_0x558bdee371b0;
 .timescale 0 0;
P_0x558bdeec2a10 .param/l "i" 0 3 6, +C4<01111>;
L_0x558bdeed7760 .functor AND 1, L_0x558bdeed7800, L_0x558bdeed78f0, C4<1>, C4<1>;
v0x558bdeec2af0_0 .net *"_s1", 0 0, L_0x558bdeed7800;  1 drivers
v0x558bdeec2bd0_0 .net *"_s2", 0 0, L_0x558bdeed78f0;  1 drivers
S_0x558bdeec2cb0 .scope generate, "genblk1[16]" "genblk1[16]" 3 6, 3 6 0, S_0x558bdee371b0;
 .timescale 0 0;
P_0x558bdeec2ea0 .param/l "i" 0 3 6, +C4<010000>;
L_0x558bdeed7af0 .functor AND 1, L_0x558bdeed7b90, L_0x558bdeed7c80, C4<1>, C4<1>;
v0x558bdeec2f80_0 .net *"_s1", 0 0, L_0x558bdeed7b90;  1 drivers
v0x558bdeec3060_0 .net *"_s2", 0 0, L_0x558bdeed7c80;  1 drivers
S_0x558bdeec3140 .scope generate, "genblk1[17]" "genblk1[17]" 3 6, 3 6 0, S_0x558bdee371b0;
 .timescale 0 0;
P_0x558bdeec3330 .param/l "i" 0 3 6, +C4<010001>;
L_0x558bdeed7e90 .functor AND 1, L_0x558bdeed7f30, L_0x558bdeed8020, C4<1>, C4<1>;
v0x558bdeec3410_0 .net *"_s1", 0 0, L_0x558bdeed7f30;  1 drivers
v0x558bdeec34f0_0 .net *"_s2", 0 0, L_0x558bdeed8020;  1 drivers
S_0x558bdeec35d0 .scope generate, "genblk1[18]" "genblk1[18]" 3 6, 3 6 0, S_0x558bdee371b0;
 .timescale 0 0;
P_0x558bdeec37c0 .param/l "i" 0 3 6, +C4<010010>;
L_0x558bdeed8240 .functor AND 1, L_0x558bdeed82e0, L_0x558bdeed83d0, C4<1>, C4<1>;
v0x558bdeec38a0_0 .net *"_s1", 0 0, L_0x558bdeed82e0;  1 drivers
v0x558bdeec3980_0 .net *"_s2", 0 0, L_0x558bdeed83d0;  1 drivers
S_0x558bdeec3a60 .scope generate, "genblk1[19]" "genblk1[19]" 3 6, 3 6 0, S_0x558bdee371b0;
 .timescale 0 0;
P_0x558bdeec3c50 .param/l "i" 0 3 6, +C4<010011>;
L_0x558bdeed8600 .functor AND 1, L_0x558bdeed86a0, L_0x558bdeed8790, C4<1>, C4<1>;
v0x558bdeec3d30_0 .net *"_s1", 0 0, L_0x558bdeed86a0;  1 drivers
v0x558bdeec3e10_0 .net *"_s2", 0 0, L_0x558bdeed8790;  1 drivers
S_0x558bdeec3ef0 .scope generate, "genblk1[20]" "genblk1[20]" 3 6, 3 6 0, S_0x558bdee371b0;
 .timescale 0 0;
P_0x558bdeec40e0 .param/l "i" 0 3 6, +C4<010100>;
L_0x558bdeed89d0 .functor AND 1, L_0x558bdeed8a70, L_0x558bdeed8b60, C4<1>, C4<1>;
v0x558bdeec41c0_0 .net *"_s1", 0 0, L_0x558bdeed8a70;  1 drivers
v0x558bdeec42a0_0 .net *"_s2", 0 0, L_0x558bdeed8b60;  1 drivers
S_0x558bdeec4380 .scope generate, "genblk1[21]" "genblk1[21]" 3 6, 3 6 0, S_0x558bdee371b0;
 .timescale 0 0;
P_0x558bdeec4570 .param/l "i" 0 3 6, +C4<010101>;
L_0x558bdeed8db0 .functor AND 1, L_0x558bdeed8e50, L_0x558bdeed8f40, C4<1>, C4<1>;
v0x558bdeec4650_0 .net *"_s1", 0 0, L_0x558bdeed8e50;  1 drivers
v0x558bdeec4730_0 .net *"_s2", 0 0, L_0x558bdeed8f40;  1 drivers
S_0x558bdeec4810 .scope generate, "genblk1[22]" "genblk1[22]" 3 6, 3 6 0, S_0x558bdee371b0;
 .timescale 0 0;
P_0x558bdeec4a00 .param/l "i" 0 3 6, +C4<010110>;
L_0x558bdeed91a0 .functor AND 1, L_0x558bdeed9240, L_0x558bdeed9330, C4<1>, C4<1>;
v0x558bdeec4ae0_0 .net *"_s1", 0 0, L_0x558bdeed9240;  1 drivers
v0x558bdeec4bc0_0 .net *"_s2", 0 0, L_0x558bdeed9330;  1 drivers
S_0x558bdeec4ca0 .scope generate, "genblk1[23]" "genblk1[23]" 3 6, 3 6 0, S_0x558bdee371b0;
 .timescale 0 0;
P_0x558bdeec4e90 .param/l "i" 0 3 6, +C4<010111>;
L_0x558bdeed95a0 .functor AND 1, L_0x558bdeed9640, L_0x558bdeed9730, C4<1>, C4<1>;
v0x558bdeec4f70_0 .net *"_s1", 0 0, L_0x558bdeed9640;  1 drivers
v0x558bdeec5050_0 .net *"_s2", 0 0, L_0x558bdeed9730;  1 drivers
S_0x558bdeec5130 .scope generate, "genblk1[24]" "genblk1[24]" 3 6, 3 6 0, S_0x558bdee371b0;
 .timescale 0 0;
P_0x558bdeec5320 .param/l "i" 0 3 6, +C4<011000>;
L_0x558bdeed99b0 .functor AND 1, L_0x558bdeed9a50, L_0x558bdeed9b40, C4<1>, C4<1>;
v0x558bdeec5400_0 .net *"_s1", 0 0, L_0x558bdeed9a50;  1 drivers
v0x558bdeec54e0_0 .net *"_s2", 0 0, L_0x558bdeed9b40;  1 drivers
S_0x558bdeec55c0 .scope generate, "genblk1[25]" "genblk1[25]" 3 6, 3 6 0, S_0x558bdee371b0;
 .timescale 0 0;
P_0x558bdeec57b0 .param/l "i" 0 3 6, +C4<011001>;
L_0x558bdeed9dd0 .functor AND 1, L_0x558bdeed9e70, L_0x558bdeed9f60, C4<1>, C4<1>;
v0x558bdeec5890_0 .net *"_s1", 0 0, L_0x558bdeed9e70;  1 drivers
v0x558bdeec5970_0 .net *"_s2", 0 0, L_0x558bdeed9f60;  1 drivers
S_0x558bdeec5a50 .scope generate, "genblk1[26]" "genblk1[26]" 3 6, 3 6 0, S_0x558bdee371b0;
 .timescale 0 0;
P_0x558bdeec5c40 .param/l "i" 0 3 6, +C4<011010>;
L_0x558bdeeda200 .functor AND 1, L_0x558bdeeda2a0, L_0x558bdeeda390, C4<1>, C4<1>;
v0x558bdeec5d20_0 .net *"_s1", 0 0, L_0x558bdeeda2a0;  1 drivers
v0x558bdeec5e00_0 .net *"_s2", 0 0, L_0x558bdeeda390;  1 drivers
S_0x558bdeec5ee0 .scope generate, "genblk1[27]" "genblk1[27]" 3 6, 3 6 0, S_0x558bdee371b0;
 .timescale 0 0;
P_0x558bdeec60d0 .param/l "i" 0 3 6, +C4<011011>;
L_0x558bdeeda640 .functor AND 1, L_0x558bdeeda6e0, L_0x558bdeeda7d0, C4<1>, C4<1>;
v0x558bdeec61b0_0 .net *"_s1", 0 0, L_0x558bdeeda6e0;  1 drivers
v0x558bdeec6290_0 .net *"_s2", 0 0, L_0x558bdeeda7d0;  1 drivers
S_0x558bdeec6370 .scope generate, "genblk1[28]" "genblk1[28]" 3 6, 3 6 0, S_0x558bdee371b0;
 .timescale 0 0;
P_0x558bdeec6560 .param/l "i" 0 3 6, +C4<011100>;
L_0x558bdeedaa90 .functor AND 1, L_0x558bdeedab30, L_0x558bdeedac20, C4<1>, C4<1>;
v0x558bdeec6640_0 .net *"_s1", 0 0, L_0x558bdeedab30;  1 drivers
v0x558bdeec6720_0 .net *"_s2", 0 0, L_0x558bdeedac20;  1 drivers
S_0x558bdeec6800 .scope generate, "genblk1[29]" "genblk1[29]" 3 6, 3 6 0, S_0x558bdee371b0;
 .timescale 0 0;
P_0x558bdeec69f0 .param/l "i" 0 3 6, +C4<011101>;
L_0x558bdeedaef0 .functor AND 1, L_0x558bdeedaf90, L_0x558bdeedb080, C4<1>, C4<1>;
v0x558bdeec6ad0_0 .net *"_s1", 0 0, L_0x558bdeedaf90;  1 drivers
v0x558bdeec6bb0_0 .net *"_s2", 0 0, L_0x558bdeedb080;  1 drivers
S_0x558bdeec6c90 .scope generate, "genblk1[30]" "genblk1[30]" 3 6, 3 6 0, S_0x558bdee371b0;
 .timescale 0 0;
P_0x558bdeec6e80 .param/l "i" 0 3 6, +C4<011110>;
L_0x558bdeedb360 .functor AND 1, L_0x558bdeedb400, L_0x558bdeedb900, C4<1>, C4<1>;
v0x558bdeec6f60_0 .net *"_s1", 0 0, L_0x558bdeedb400;  1 drivers
v0x558bdeec7040_0 .net *"_s2", 0 0, L_0x558bdeedb900;  1 drivers
S_0x558bdeec7120 .scope generate, "genblk1[31]" "genblk1[31]" 3 6, 3 6 0, S_0x558bdee371b0;
 .timescale 0 0;
P_0x558bdeec7310 .param/l "i" 0 3 6, +C4<011111>;
L_0x558bdeedc000 .functor AND 1, L_0x558bdeedc070, L_0x558bdeedc160, C4<1>, C4<1>;
v0x558bdeec73f0_0 .net *"_s1", 0 0, L_0x558bdeedc070;  1 drivers
v0x558bdeec74d0_0 .net *"_s2", 0 0, L_0x558bdeedc160;  1 drivers
S_0x558bdeec75b0 .scope generate, "genblk1[32]" "genblk1[32]" 3 6, 3 6 0, S_0x558bdee371b0;
 .timescale 0 0;
P_0x558bdeec77a0 .param/l "i" 0 3 6, +C4<0100000>;
L_0x558bdeedc460 .functor AND 1, L_0x558bdeedc530, L_0x558bdeedc620, C4<1>, C4<1>;
v0x558bdeec7860_0 .net *"_s1", 0 0, L_0x558bdeedc530;  1 drivers
v0x558bdeec7960_0 .net *"_s2", 0 0, L_0x558bdeedc620;  1 drivers
S_0x558bdeec7a40 .scope generate, "genblk1[33]" "genblk1[33]" 3 6, 3 6 0, S_0x558bdee371b0;
 .timescale 0 0;
P_0x558bdeec7c30 .param/l "i" 0 3 6, +C4<0100001>;
L_0x558bdeedc930 .functor AND 1, L_0x558bdeedc9d0, L_0x558bdeedcac0, C4<1>, C4<1>;
v0x558bdeec7cf0_0 .net *"_s1", 0 0, L_0x558bdeedc9d0;  1 drivers
v0x558bdeec7df0_0 .net *"_s2", 0 0, L_0x558bdeedcac0;  1 drivers
S_0x558bdeec7ed0 .scope generate, "genblk1[34]" "genblk1[34]" 3 6, 3 6 0, S_0x558bdee371b0;
 .timescale 0 0;
P_0x558bdeec80c0 .param/l "i" 0 3 6, +C4<0100010>;
L_0x558bdeedcde0 .functor AND 1, L_0x558bdeedce80, L_0x558bdeedcf70, C4<1>, C4<1>;
v0x558bdeec8180_0 .net *"_s1", 0 0, L_0x558bdeedce80;  1 drivers
v0x558bdeec8280_0 .net *"_s2", 0 0, L_0x558bdeedcf70;  1 drivers
S_0x558bdeec8360 .scope generate, "genblk1[35]" "genblk1[35]" 3 6, 3 6 0, S_0x558bdee371b0;
 .timescale 0 0;
P_0x558bdeec8550 .param/l "i" 0 3 6, +C4<0100011>;
L_0x558bdeedd2a0 .functor AND 1, L_0x558bdeedd340, L_0x558bdeedd430, C4<1>, C4<1>;
v0x558bdeec8610_0 .net *"_s1", 0 0, L_0x558bdeedd340;  1 drivers
v0x558bdeec8710_0 .net *"_s2", 0 0, L_0x558bdeedd430;  1 drivers
S_0x558bdeec87f0 .scope generate, "genblk1[36]" "genblk1[36]" 3 6, 3 6 0, S_0x558bdee371b0;
 .timescale 0 0;
P_0x558bdeec89e0 .param/l "i" 0 3 6, +C4<0100100>;
L_0x558bdeedd770 .functor AND 1, L_0x558bdeedd810, L_0x558bdeedd900, C4<1>, C4<1>;
v0x558bdeec8aa0_0 .net *"_s1", 0 0, L_0x558bdeedd810;  1 drivers
v0x558bdeec8ba0_0 .net *"_s2", 0 0, L_0x558bdeedd900;  1 drivers
S_0x558bdeec8c80 .scope generate, "genblk1[37]" "genblk1[37]" 3 6, 3 6 0, S_0x558bdee371b0;
 .timescale 0 0;
P_0x558bdeec8e70 .param/l "i" 0 3 6, +C4<0100101>;
L_0x558bdeeddc50 .functor AND 1, L_0x558bdeeddcf0, L_0x558bdeeddde0, C4<1>, C4<1>;
v0x558bdeec8f30_0 .net *"_s1", 0 0, L_0x558bdeeddcf0;  1 drivers
v0x558bdeec9030_0 .net *"_s2", 0 0, L_0x558bdeeddde0;  1 drivers
S_0x558bdeec9110 .scope generate, "genblk1[38]" "genblk1[38]" 3 6, 3 6 0, S_0x558bdee371b0;
 .timescale 0 0;
P_0x558bdeec9300 .param/l "i" 0 3 6, +C4<0100110>;
L_0x558bdeede140 .functor AND 1, L_0x558bdeede1e0, L_0x558bdeede2d0, C4<1>, C4<1>;
v0x558bdeec93c0_0 .net *"_s1", 0 0, L_0x558bdeede1e0;  1 drivers
v0x558bdeec94c0_0 .net *"_s2", 0 0, L_0x558bdeede2d0;  1 drivers
S_0x558bdeec95a0 .scope generate, "genblk1[39]" "genblk1[39]" 3 6, 3 6 0, S_0x558bdee371b0;
 .timescale 0 0;
P_0x558bdeec9790 .param/l "i" 0 3 6, +C4<0100111>;
L_0x558bdeede640 .functor AND 1, L_0x558bdeede6e0, L_0x558bdeede7d0, C4<1>, C4<1>;
v0x558bdeec9850_0 .net *"_s1", 0 0, L_0x558bdeede6e0;  1 drivers
v0x558bdeec9950_0 .net *"_s2", 0 0, L_0x558bdeede7d0;  1 drivers
S_0x558bdeec9a30 .scope generate, "genblk1[40]" "genblk1[40]" 3 6, 3 6 0, S_0x558bdee371b0;
 .timescale 0 0;
P_0x558bdeec9c20 .param/l "i" 0 3 6, +C4<0101000>;
L_0x558bdeedeb50 .functor AND 1, L_0x558bdeedebf0, L_0x558bdeedece0, C4<1>, C4<1>;
v0x558bdeec9ce0_0 .net *"_s1", 0 0, L_0x558bdeedebf0;  1 drivers
v0x558bdeec9de0_0 .net *"_s2", 0 0, L_0x558bdeedece0;  1 drivers
S_0x558bdeec9ec0 .scope generate, "genblk1[41]" "genblk1[41]" 3 6, 3 6 0, S_0x558bdee371b0;
 .timescale 0 0;
P_0x558bdeeca0b0 .param/l "i" 0 3 6, +C4<0101001>;
L_0x558bdeedf070 .functor AND 1, L_0x558bdeedf110, L_0x558bdeedf200, C4<1>, C4<1>;
v0x558bdeeca170_0 .net *"_s1", 0 0, L_0x558bdeedf110;  1 drivers
v0x558bdeeca270_0 .net *"_s2", 0 0, L_0x558bdeedf200;  1 drivers
S_0x558bdeeca350 .scope generate, "genblk1[42]" "genblk1[42]" 3 6, 3 6 0, S_0x558bdee371b0;
 .timescale 0 0;
P_0x558bdeeca540 .param/l "i" 0 3 6, +C4<0101010>;
L_0x558bdeedf5a0 .functor AND 1, L_0x558bdeedf640, L_0x558bdeedf730, C4<1>, C4<1>;
v0x558bdeeca600_0 .net *"_s1", 0 0, L_0x558bdeedf640;  1 drivers
v0x558bdeeca700_0 .net *"_s2", 0 0, L_0x558bdeedf730;  1 drivers
S_0x558bdeeca7e0 .scope generate, "genblk1[43]" "genblk1[43]" 3 6, 3 6 0, S_0x558bdee371b0;
 .timescale 0 0;
P_0x558bdeeca9d0 .param/l "i" 0 3 6, +C4<0101011>;
L_0x558bdeedfae0 .functor AND 1, L_0x558bdeedfb80, L_0x558bdeedfc70, C4<1>, C4<1>;
v0x558bdeecaa90_0 .net *"_s1", 0 0, L_0x558bdeedfb80;  1 drivers
v0x558bdeecab90_0 .net *"_s2", 0 0, L_0x558bdeedfc70;  1 drivers
S_0x558bdeecac70 .scope generate, "genblk1[44]" "genblk1[44]" 3 6, 3 6 0, S_0x558bdee371b0;
 .timescale 0 0;
P_0x558bdeecae60 .param/l "i" 0 3 6, +C4<0101100>;
L_0x558bdeee0030 .functor AND 1, L_0x558bdeee00d0, L_0x558bdeee01c0, C4<1>, C4<1>;
v0x558bdeecaf20_0 .net *"_s1", 0 0, L_0x558bdeee00d0;  1 drivers
v0x558bdeecb020_0 .net *"_s2", 0 0, L_0x558bdeee01c0;  1 drivers
S_0x558bdeecb100 .scope generate, "genblk1[45]" "genblk1[45]" 3 6, 3 6 0, S_0x558bdee371b0;
 .timescale 0 0;
P_0x558bdeecb2f0 .param/l "i" 0 3 6, +C4<0101101>;
L_0x558bdeee0590 .functor AND 1, L_0x558bdeee0630, L_0x558bdeee0720, C4<1>, C4<1>;
v0x558bdeecb3b0_0 .net *"_s1", 0 0, L_0x558bdeee0630;  1 drivers
v0x558bdeecb4b0_0 .net *"_s2", 0 0, L_0x558bdeee0720;  1 drivers
S_0x558bdeecb590 .scope generate, "genblk1[46]" "genblk1[46]" 3 6, 3 6 0, S_0x558bdee371b0;
 .timescale 0 0;
P_0x558bdeecb780 .param/l "i" 0 3 6, +C4<0101110>;
L_0x558bdeee0b00 .functor AND 1, L_0x558bdeee0ba0, L_0x558bdeee0c90, C4<1>, C4<1>;
v0x558bdeecb840_0 .net *"_s1", 0 0, L_0x558bdeee0ba0;  1 drivers
v0x558bdeecb940_0 .net *"_s2", 0 0, L_0x558bdeee0c90;  1 drivers
S_0x558bdeecba20 .scope generate, "genblk1[47]" "genblk1[47]" 3 6, 3 6 0, S_0x558bdee371b0;
 .timescale 0 0;
P_0x558bdeecbc10 .param/l "i" 0 3 6, +C4<0101111>;
L_0x558bdeee1080 .functor AND 1, L_0x558bdeee1120, L_0x558bdeee1210, C4<1>, C4<1>;
v0x558bdeecbcd0_0 .net *"_s1", 0 0, L_0x558bdeee1120;  1 drivers
v0x558bdeecbdd0_0 .net *"_s2", 0 0, L_0x558bdeee1210;  1 drivers
S_0x558bdeecbeb0 .scope generate, "genblk1[48]" "genblk1[48]" 3 6, 3 6 0, S_0x558bdee371b0;
 .timescale 0 0;
P_0x558bdeecc0a0 .param/l "i" 0 3 6, +C4<0110000>;
L_0x558bdeee1610 .functor AND 1, L_0x558bdeee16b0, L_0x558bdeee17a0, C4<1>, C4<1>;
v0x558bdeecc160_0 .net *"_s1", 0 0, L_0x558bdeee16b0;  1 drivers
v0x558bdeecc260_0 .net *"_s2", 0 0, L_0x558bdeee17a0;  1 drivers
S_0x558bdeecc340 .scope generate, "genblk1[49]" "genblk1[49]" 3 6, 3 6 0, S_0x558bdee371b0;
 .timescale 0 0;
P_0x558bdeecc530 .param/l "i" 0 3 6, +C4<0110001>;
L_0x558bdeee1bb0 .functor AND 1, L_0x558bdeee1c50, L_0x558bdeee1d40, C4<1>, C4<1>;
v0x558bdeecc5f0_0 .net *"_s1", 0 0, L_0x558bdeee1c50;  1 drivers
v0x558bdeecc6f0_0 .net *"_s2", 0 0, L_0x558bdeee1d40;  1 drivers
S_0x558bdeecc7d0 .scope generate, "genblk1[50]" "genblk1[50]" 3 6, 3 6 0, S_0x558bdee371b0;
 .timescale 0 0;
P_0x558bdeecc9c0 .param/l "i" 0 3 6, +C4<0110010>;
L_0x558bdeee2160 .functor AND 1, L_0x558bdeee2200, L_0x558bdeee22f0, C4<1>, C4<1>;
v0x558bdeecca80_0 .net *"_s1", 0 0, L_0x558bdeee2200;  1 drivers
v0x558bdeeccb80_0 .net *"_s2", 0 0, L_0x558bdeee22f0;  1 drivers
S_0x558bdeeccc60 .scope generate, "genblk1[51]" "genblk1[51]" 3 6, 3 6 0, S_0x558bdee371b0;
 .timescale 0 0;
P_0x558bdeecce50 .param/l "i" 0 3 6, +C4<0110011>;
L_0x558bdeee2720 .functor AND 1, L_0x558bdeee27c0, L_0x558bdeee28b0, C4<1>, C4<1>;
v0x558bdeeccf10_0 .net *"_s1", 0 0, L_0x558bdeee27c0;  1 drivers
v0x558bdeecd010_0 .net *"_s2", 0 0, L_0x558bdeee28b0;  1 drivers
S_0x558bdeecd0f0 .scope generate, "genblk1[52]" "genblk1[52]" 3 6, 3 6 0, S_0x558bdee371b0;
 .timescale 0 0;
P_0x558bdeecd2e0 .param/l "i" 0 3 6, +C4<0110100>;
L_0x558bdeee2cf0 .functor AND 1, L_0x558bdeee2d90, L_0x558bdeee2e80, C4<1>, C4<1>;
v0x558bdeecd3a0_0 .net *"_s1", 0 0, L_0x558bdeee2d90;  1 drivers
v0x558bdeecd4a0_0 .net *"_s2", 0 0, L_0x558bdeee2e80;  1 drivers
S_0x558bdeecd580 .scope generate, "genblk1[53]" "genblk1[53]" 3 6, 3 6 0, S_0x558bdee371b0;
 .timescale 0 0;
P_0x558bdeecd770 .param/l "i" 0 3 6, +C4<0110101>;
L_0x558bdeee32d0 .functor AND 1, L_0x558bdeee3370, L_0x558bdeee3460, C4<1>, C4<1>;
v0x558bdeecd830_0 .net *"_s1", 0 0, L_0x558bdeee3370;  1 drivers
v0x558bdeecd930_0 .net *"_s2", 0 0, L_0x558bdeee3460;  1 drivers
S_0x558bdeecda10 .scope generate, "genblk1[54]" "genblk1[54]" 3 6, 3 6 0, S_0x558bdee371b0;
 .timescale 0 0;
P_0x558bdeecdc00 .param/l "i" 0 3 6, +C4<0110110>;
L_0x558bdeee38c0 .functor AND 1, L_0x558bdeee3960, L_0x558bdeee3a50, C4<1>, C4<1>;
v0x558bdeecdcc0_0 .net *"_s1", 0 0, L_0x558bdeee3960;  1 drivers
v0x558bdeecddc0_0 .net *"_s2", 0 0, L_0x558bdeee3a50;  1 drivers
S_0x558bdeecdea0 .scope generate, "genblk1[55]" "genblk1[55]" 3 6, 3 6 0, S_0x558bdee371b0;
 .timescale 0 0;
P_0x558bdeece090 .param/l "i" 0 3 6, +C4<0110111>;
L_0x558bdeee3ec0 .functor AND 1, L_0x558bdeee3f60, L_0x558bdeee4050, C4<1>, C4<1>;
v0x558bdeece150_0 .net *"_s1", 0 0, L_0x558bdeee3f60;  1 drivers
v0x558bdeece250_0 .net *"_s2", 0 0, L_0x558bdeee4050;  1 drivers
S_0x558bdeece330 .scope generate, "genblk1[56]" "genblk1[56]" 3 6, 3 6 0, S_0x558bdee371b0;
 .timescale 0 0;
P_0x558bdeece520 .param/l "i" 0 3 6, +C4<0111000>;
L_0x558bdeee44d0 .functor AND 1, L_0x558bdeee4570, L_0x558bdeee4660, C4<1>, C4<1>;
v0x558bdeece5e0_0 .net *"_s1", 0 0, L_0x558bdeee4570;  1 drivers
v0x558bdeece6e0_0 .net *"_s2", 0 0, L_0x558bdeee4660;  1 drivers
S_0x558bdeece7c0 .scope generate, "genblk1[57]" "genblk1[57]" 3 6, 3 6 0, S_0x558bdee371b0;
 .timescale 0 0;
P_0x558bdeece9b0 .param/l "i" 0 3 6, +C4<0111001>;
L_0x558bdeee4af0 .functor AND 1, L_0x558bdeee4b90, L_0x558bdeee4c80, C4<1>, C4<1>;
v0x558bdeecea70_0 .net *"_s1", 0 0, L_0x558bdeee4b90;  1 drivers
v0x558bdeeceb70_0 .net *"_s2", 0 0, L_0x558bdeee4c80;  1 drivers
S_0x558bdeecec50 .scope generate, "genblk1[58]" "genblk1[58]" 3 6, 3 6 0, S_0x558bdee371b0;
 .timescale 0 0;
P_0x558bdeecee40 .param/l "i" 0 3 6, +C4<0111010>;
L_0x558bdeee5120 .functor AND 1, L_0x558bdeee51c0, L_0x558bdeee52b0, C4<1>, C4<1>;
v0x558bdeecef00_0 .net *"_s1", 0 0, L_0x558bdeee51c0;  1 drivers
v0x558bdeecf000_0 .net *"_s2", 0 0, L_0x558bdeee52b0;  1 drivers
S_0x558bdeecf0e0 .scope generate, "genblk1[59]" "genblk1[59]" 3 6, 3 6 0, S_0x558bdee371b0;
 .timescale 0 0;
P_0x558bdeecf2d0 .param/l "i" 0 3 6, +C4<0111011>;
L_0x558bdeee5760 .functor AND 1, L_0x558bdeee5800, L_0x558bdeee58f0, C4<1>, C4<1>;
v0x558bdeecf390_0 .net *"_s1", 0 0, L_0x558bdeee5800;  1 drivers
v0x558bdeecf490_0 .net *"_s2", 0 0, L_0x558bdeee58f0;  1 drivers
S_0x558bdeecf570 .scope generate, "genblk1[60]" "genblk1[60]" 3 6, 3 6 0, S_0x558bdee371b0;
 .timescale 0 0;
P_0x558bdeecf760 .param/l "i" 0 3 6, +C4<0111100>;
L_0x558bdeee5db0 .functor AND 1, L_0x558bdeee5e50, L_0x558bdeee5f40, C4<1>, C4<1>;
v0x558bdeecf820_0 .net *"_s1", 0 0, L_0x558bdeee5e50;  1 drivers
v0x558bdeecf920_0 .net *"_s2", 0 0, L_0x558bdeee5f40;  1 drivers
S_0x558bdeecfa00 .scope generate, "genblk1[61]" "genblk1[61]" 3 6, 3 6 0, S_0x558bdee371b0;
 .timescale 0 0;
P_0x558bdeecfbf0 .param/l "i" 0 3 6, +C4<0111101>;
L_0x558bdeee6410 .functor AND 1, L_0x558bdeee64b0, L_0x558bdeee65a0, C4<1>, C4<1>;
v0x558bdeecfcb0_0 .net *"_s1", 0 0, L_0x558bdeee64b0;  1 drivers
v0x558bdeecfdb0_0 .net *"_s2", 0 0, L_0x558bdeee65a0;  1 drivers
S_0x558bdeecfe90 .scope generate, "genblk1[62]" "genblk1[62]" 3 6, 3 6 0, S_0x558bdee371b0;
 .timescale 0 0;
P_0x558bdeed0080 .param/l "i" 0 3 6, +C4<0111110>;
L_0x558bdeee6a80 .functor AND 1, L_0x558bdeee6b20, L_0x558bdeee7420, C4<1>, C4<1>;
v0x558bdeed0140_0 .net *"_s1", 0 0, L_0x558bdeee6b20;  1 drivers
v0x558bdeed0240_0 .net *"_s2", 0 0, L_0x558bdeee7420;  1 drivers
S_0x558bdeed0320 .scope generate, "genblk1[63]" "genblk1[63]" 3 6, 3 6 0, S_0x558bdee371b0;
 .timescale 0 0;
P_0x558bdeed0510 .param/l "i" 0 3 6, +C4<0111111>;
L_0x558bdeee95c0 .functor AND 1, L_0x558bdeee9680, L_0x558bdeee9b80, C4<1>, C4<1>;
v0x558bdeed05d0_0 .net *"_s1", 0 0, L_0x558bdeee9680;  1 drivers
v0x558bdeed06d0_0 .net *"_s2", 0 0, L_0x558bdeee9b80;  1 drivers
    .scope S_0x558bdee37030;
T_0 ;
    %vpi_call 2 10 "$dumpfile", "and64.vcd" {0 0 0};
    %vpi_call 2 11 "$dumpvars", 32'sb00000000000000000000000000000000, S_0x558bdee37030 {0 0 0};
    %vpi_call 2 12 "$monitor", $time, " x=%b \012\011\011   y=%b \012\011\011   out=%b\012\011\011", v0x558bdeed4530_0, v0x558bdeed45f0_0, v0x558bdeed46c0_0 {0 0 0};
    %pushi/vec4 5, 0, 64;
    %store/vec4 v0x558bdeed4530_0, 0, 64;
    %pushi/vec4 3, 0, 64;
    %store/vec4 v0x558bdeed45f0_0, 0, 64;
    %delay 5, 0;
    %pushi/vec4 245, 0, 64;
    %store/vec4 v0x558bdeed4530_0, 0, 64;
    %pushi/vec4 211, 0, 64;
    %store/vec4 v0x558bdeed45f0_0, 0, 64;
    %delay 10, 0;
    %pushi/vec4 456, 0, 64;
    %store/vec4 v0x558bdeed4530_0, 0, 64;
    %pushi/vec4 789, 0, 64;
    %store/vec4 v0x558bdeed45f0_0, 0, 64;
    %delay 15, 0;
    %pushi/vec4 123, 0, 64;
    %store/vec4 v0x558bdeed4530_0, 0, 64;
    %pushi/vec4 456, 0, 64;
    %store/vec4 v0x558bdeed45f0_0, 0, 64;
    %end;
    .thread T_0;
# The file index is used to find the file name in the following table.
:file_names 4;
    "N/A";
    "<interactive>";
    "and64_test.v";
    "and64.v";
