#! /usr/bin/vvp
:ivl_version "10.3 (stable)";
:ivl_delay_selection "TYPICAL";
:vpi_time_precision + 0;
:vpi_module "system";
:vpi_module "vhdl_sys";
:vpi_module "v2005_math";
:vpi_module "va_math";
S_0x559b2cf1c2d0 .scope module, "execute" "execute" 2 1;
 .timescale 0 0;
    .port_info 0 /INPUT 1 "clk"
    .port_info 1 /INPUT 217 "execute_reg"
    .port_info 2 /INPUT 1 "W_status"
    .port_info 3 /INPUT 1 "m_status"
    .port_info 4 /OUTPUT 64 "e_valE"
    .port_info 5 /OUTPUT 4 "e_dstE"
    .port_info 6 /OUTPUT 145 "memory_reg"
o0x7f9b70a00258 .functor BUFZ 1, C4<z>; HiZ drive
v0x559b2cf40370_0 .net "W_status", 0 0, o0x7f9b70a00258;  0 drivers
v0x559b2cf40430_0 .net "aluA", 63 0, v0x559b2cf1ece0_0;  1 drivers
v0x559b2cf404f0_0 .net "aluB", 63 0, v0x559b2cf3fb40_0;  1 drivers
v0x559b2cf405f0_0 .net "aluC", 1 0, v0x559b2cf40100_0;  1 drivers
o0x7f9b70a00288 .functor BUFZ 1, C4<z>; HiZ drive
v0x559b2cf406c0_0 .net "clk", 0 0, o0x7f9b70a00288;  0 drivers
v0x559b2cf407b0_0 .var "cnd", 0 0;
v0x559b2cf40850_0 .var "e_dstE", 3 0;
v0x559b2cf40930_0 .var "e_valE", 63 0;
o0x7f9b70a00048 .functor BUFZ 217, C4<zzzzzzzzzzzzzzzzzzzzzzzzzzzzzzzzzzzzzzzzzzzzzzzzzzzzzzzzzzzzzzzzzzzzzzzzzzzzzzzzzzzzzzzzzzzzzzzzzzzzzzzzzzzzzzzzzzzzzzzzzzzzzzzzzzzzzzzzzzzzzzzzzzzzzzzzzzzzzzzzzzzzzzzzzzzzzzzzzzzzzzzzzzzzzzzzzzzzzzzzzzzzzzzzzzzzzzzzz>; HiZ drive
v0x559b2cf40a10_0 .net "execute_reg", 216 0, o0x7f9b70a00048;  0 drivers
v0x559b2cf40ad0_0 .var "ifun", 3 0;
o0x7f9b70a00378 .functor BUFZ 1, C4<z>; HiZ drive
v0x559b2cf40bb0_0 .net "m_status", 0 0, o0x7f9b70a00378;  0 drivers
v0x559b2cf40c70_0 .var "memory_reg", 144 0;
v0x559b2cf40d50_0 .var "op", 2 0;
v0x559b2cf40e30_0 .var "valE", 63 0;
E_0x559b2cf19e50 .event posedge, v0x559b2cf406c0_0;
S_0x559b2cf1eb10 .scope module, "a1" "alu1" 2 22, 2 105 0, S_0x559b2cf1c2d0;
 .timescale 0 0;
    .port_info 0 /INPUT 217 "execute_reg"
    .port_info 1 /OUTPUT 64 "aluA"
v0x559b2cf1ece0_0 .var "aluA", 63 0;
v0x559b2cf3f730_0 .net "execute_reg", 216 0, o0x7f9b70a00048;  alias, 0 drivers
v0x559b2cf3f810_0 .var "icode", 3 0;
E_0x559b2cf1a0c0 .event edge, v0x559b2cf3f730_0, v0x559b2cf3f810_0;
S_0x559b2cf3f930 .scope module, "a2" "alu2" 2 23, 2 123 0, S_0x559b2cf1c2d0;
 .timescale 0 0;
    .port_info 0 /INPUT 217 "execute_reg"
    .port_info 1 /OUTPUT 64 "aluB"
v0x559b2cf3fb40_0 .var "aluB", 63 0;
v0x559b2cf3fc40_0 .net "execute_reg", 216 0, o0x7f9b70a00048;  alias, 0 drivers
v0x559b2cf3fd30_0 .var "icode", 3 0;
E_0x559b2cf07fe0 .event edge, v0x559b2cf3f730_0, v0x559b2cf3fd30_0;
S_0x559b2cf3fe60 .scope module, "a3" "alu3" 2 24, 2 137 0, S_0x559b2cf1c2d0;
 .timescale 0 0;
    .port_info 0 /INPUT 217 "execute_reg"
    .port_info 1 /OUTPUT 2 "aluC"
v0x559b2cf40100_0 .var "aluC", 1 0;
v0x559b2cf40200_0 .net "execute_reg", 216 0, o0x7f9b70a00048;  alias, 0 drivers
E_0x559b2cf400a0 .event edge, v0x559b2cf3f730_0;
    .scope S_0x559b2cf1eb10;
T_0 ;
    %wait E_0x559b2cf1a0c0;
    %load/vec4 v0x559b2cf3f730_0;
    %parti/s 4, 212, 9;
    %store/vec4 v0x559b2cf3f810_0, 0, 4;
    %load/vec4 v0x559b2cf3f810_0;
    %pad/u 32;
    %cmpi/e 2, 0, 32;
    %flag_mov 8, 4;
    %load/vec4 v0x559b2cf3f810_0;
    %pad/u 32;
    %cmpi/e 6, 0, 32;
    %flag_or 4, 8;
    %jmp/0xz  T_0.0, 4;
    %load/vec4 v0x559b2cf3f730_0;
    %parti/s 64, 80, 8;
    %store/vec4 v0x559b2cf1ece0_0, 0, 64;
T_0.0 ;
    %load/vec4 v0x559b2cf3f810_0;
    %pad/u 32;
    %cmpi/e 3, 0, 32;
    %flag_mov 8, 4;
    %load/vec4 v0x559b2cf3f810_0;
    %pad/u 32;
    %cmpi/e 4, 0, 32;
    %flag_or 4, 8;
    %flag_mov 8, 4;
    %load/vec4 v0x559b2cf3f810_0;
    %pad/u 32;
    %cmpi/e 5, 0, 32;
    %flag_or 4, 8;
    %jmp/0xz  T_0.2, 4;
    %load/vec4 v0x559b2cf3f730_0;
    %parti/s 64, 144, 9;
    %store/vec4 v0x559b2cf1ece0_0, 0, 64;
T_0.2 ;
    %load/vec4 v0x559b2cf3f810_0;
    %pad/u 32;
    %cmpi/e 8, 0, 32;
    %flag_mov 8, 4;
    %load/vec4 v0x559b2cf3f810_0;
    %pad/u 32;
    %cmpi/e 10, 0, 32;
    %flag_or 4, 8;
    %jmp/0xz  T_0.4, 4;
    %pushi/vec4 8, 0, 64;
    %store/vec4 v0x559b2cf1ece0_0, 0, 64;
T_0.4 ;
    %load/vec4 v0x559b2cf3f810_0;
    %pad/u 32;
    %cmpi/e 9, 0, 32;
    %flag_mov 8, 4;
    %load/vec4 v0x559b2cf3f810_0;
    %pad/u 32;
    %cmpi/e 11, 0, 32;
    %flag_or 4, 8;
    %jmp/0xz  T_0.6, 4;
    %pushi/vec4 4294967295, 0, 32;
    %concati/vec4 4294967288, 0, 32;
    %store/vec4 v0x559b2cf1ece0_0, 0, 64;
T_0.6 ;
    %jmp T_0;
    .thread T_0, $push;
    .scope S_0x559b2cf3f930;
T_1 ;
    %wait E_0x559b2cf07fe0;
    %load/vec4 v0x559b2cf3fc40_0;
    %parti/s 4, 212, 9;
    %store/vec4 v0x559b2cf3fd30_0, 0, 4;
    %load/vec4 v0x559b2cf3fd30_0;
    %pad/u 32;
    %cmpi/e 4, 0, 32;
    %flag_mov 8, 4;
    %load/vec4 v0x559b2cf3fd30_0;
    %pad/u 32;
    %cmpi/e 5, 0, 32;
    %flag_or 4, 8;
    %flag_mov 8, 4;
    %load/vec4 v0x559b2cf3fd30_0;
    %pad/u 32;
    %cmpi/e 6, 0, 32;
    %flag_or 4, 8;
    %flag_mov 8, 4;
    %load/vec4 v0x559b2cf3fd30_0;
    %pad/u 32;
    %cmpi/e 8, 0, 32;
    %flag_or 4, 8;
    %flag_mov 8, 4;
    %load/vec4 v0x559b2cf3fd30_0;
    %pad/u 32;
    %cmpi/e 10, 0, 32;
    %flag_or 4, 8;
    %flag_mov 8, 4;
    %load/vec4 v0x559b2cf3fd30_0;
    %pad/u 32;
    %cmpi/e 11, 0, 32;
    %flag_or 4, 8;
    %flag_mov 8, 4;
    %load/vec4 v0x559b2cf3fd30_0;
    %pad/u 32;
    %cmpi/e 9, 0, 32;
    %flag_or 4, 8;
    %jmp/0xz  T_1.0, 4;
    %load/vec4 v0x559b2cf3fc40_0;
    %parti/s 64, 16, 6;
    %store/vec4 v0x559b2cf3fb40_0, 0, 64;
T_1.0 ;
    %load/vec4 v0x559b2cf3fd30_0;
    %pad/u 32;
    %cmpi/e 2, 0, 32;
    %flag_mov 8, 4;
    %load/vec4 v0x559b2cf3fd30_0;
    %pad/u 32;
    %cmpi/e 3, 0, 32;
    %flag_or 4, 8;
    %jmp/0xz  T_1.2, 4;
    %pushi/vec4 0, 0, 64;
    %store/vec4 v0x559b2cf3fb40_0, 0, 64;
T_1.2 ;
    %jmp T_1;
    .thread T_1, $push;
    .scope S_0x559b2cf3fe60;
T_2 ;
    %wait E_0x559b2cf400a0;
    %load/vec4 v0x559b2cf40200_0;
    %parti/s 4, 212, 9;
    %pad/u 32;
    %cmpi/e 6, 0, 32;
    %jmp/0xz  T_2.0, 4;
    %load/vec4 v0x559b2cf40200_0;
    %parti/s 4, 208, 9;
    %pad/u 2;
    %store/vec4 v0x559b2cf40100_0, 0, 2;
    %jmp T_2.1;
T_2.0 ;
    %pushi/vec4 0, 0, 2;
    %store/vec4 v0x559b2cf40100_0, 0, 2;
T_2.1 ;
    %jmp T_2;
    .thread T_2, $push;
    .scope S_0x559b2cf1c2d0;
T_3 ;
    %pushi/vec4 0, 0, 1;
    %store/vec4 v0x559b2cf407b0_0, 0, 1;
    %pushi/vec4 0, 0, 3;
    %store/vec4 v0x559b2cf40d50_0, 0, 3;
    %end;
    .thread T_3;
    .scope S_0x559b2cf1c2d0;
T_4 ;
    %wait E_0x559b2cf19e50;
    %load/vec4 v0x559b2cf40a10_0;
    %parti/s 4, 212, 9;
    %pad/u 32;
    %pushi/vec4 6, 0, 32;
    %cmp/e;
    %flag_get/vec4 4;
    %inv;
    %load/vec4 v0x559b2cf405f0_0;
    %pad/u 32;
    %pushi/vec4 0, 0, 32;
    %cmp/e;
    %flag_get/vec4 4;
    %and;
    %flag_set/vec4 8;
    %jmp/0xz  T_4.0, 8;
    %load/vec4 v0x559b2cf40430_0;
    %load/vec4 v0x559b2cf404f0_0;
    %add;
    %store/vec4 v0x559b2cf40e30_0, 0, 64;
    %jmp T_4.1;
T_4.0 ;
    %load/vec4 v0x559b2cf40a10_0;
    %parti/s 4, 212, 9;
    %pad/u 32;
    %cmpi/e 6, 0, 32;
    %jmp/0xz  T_4.2, 4;
    %pushi/vec4 0, 0, 3;
    %store/vec4 v0x559b2cf40d50_0, 0, 3;
    %load/vec4 v0x559b2cf405f0_0;
    %pad/u 32;
    %cmpi/e 0, 0, 32;
    %jmp/0xz  T_4.4, 4;
    %load/vec4 v0x559b2cf40430_0;
    %load/vec4 v0x559b2cf404f0_0;
    %add;
    %store/vec4 v0x559b2cf40e30_0, 0, 64;
    %load/vec4 v0x559b2cf40e30_0;
    %cmpi/e 0, 0, 64;
    %jmp/0xz  T_4.6, 4;
    %pushi/vec4 1, 0, 1;
    %ix/load 4, 0, 0;
    %flag_set/imm 4, 0;
    %store/vec4 v0x559b2cf40d50_0, 4, 1;
T_4.6 ;
    %load/vec4 v0x559b2cf40e30_0;
    %parti/s 1, 63, 7;
    %pad/u 32;
    %cmpi/e 1, 0, 32;
    %jmp/0xz  T_4.8, 4;
    %pushi/vec4 1, 0, 1;
    %ix/load 4, 1, 0;
    %flag_set/imm 4, 0;
    %store/vec4 v0x559b2cf40d50_0, 4, 1;
T_4.8 ;
    %load/vec4 v0x559b2cf40e30_0;
    %parti/s 1, 63, 7;
    %pad/u 32;
    %pushi/vec4 1, 0, 32;
    %cmp/e;
    %flag_get/vec4 4;
    %load/vec4 v0x559b2cf40430_0;
    %parti/s 1, 63, 7;
    %pad/u 32;
    %pushi/vec4 0, 0, 32;
    %cmp/e;
    %flag_get/vec4 4;
    %and;
    %load/vec4 v0x559b2cf404f0_0;
    %parti/s 1, 63, 7;
    %pad/u 32;
    %pushi/vec4 0, 0, 32;
    %cmp/e;
    %flag_get/vec4 4;
    %and;
    %flag_set/vec4 8;
    %load/vec4 v0x559b2cf40e30_0;
    %parti/s 1, 63, 7;
    %pad/u 32;
    %pushi/vec4 0, 0, 32;
    %cmp/e;
    %flag_get/vec4 4;
    %load/vec4 v0x559b2cf40430_0;
    %parti/s 1, 63, 7;
    %pad/u 32;
    %pushi/vec4 1, 0, 32;
    %cmp/e;
    %flag_get/vec4 4;
    %and;
    %load/vec4 v0x559b2cf404f0_0;
    %parti/s 1, 63, 7;
    %pad/u 32;
    %pushi/vec4 1, 0, 32;
    %cmp/e;
    %flag_get/vec4 4;
    %and;
    %flag_set/vec4 9;
    %flag_or 9, 8;
    %jmp/0xz  T_4.10, 9;
    %pushi/vec4 1, 0, 1;
    %ix/load 4, 2, 0;
    %flag_set/imm 4, 0;
    %store/vec4 v0x559b2cf40d50_0, 4, 1;
T_4.10 ;
    %jmp T_4.5;
T_4.4 ;
    %load/vec4 v0x559b2cf405f0_0;
    %pad/u 32;
    %cmpi/e 1, 0, 32;
    %jmp/0xz  T_4.12, 4;
    %load/vec4 v0x559b2cf404f0_0;
    %load/vec4 v0x559b2cf40430_0;
    %inv;
    %pushi/vec4 1, 0, 64;
    %add;
    %add;
    %store/vec4 v0x559b2cf40e30_0, 0, 64;
    %load/vec4 v0x559b2cf40e30_0;
    %cmpi/e 0, 0, 64;
    %jmp/0xz  T_4.14, 4;
    %pushi/vec4 1, 0, 1;
    %ix/load 4, 0, 0;
    %flag_set/imm 4, 0;
    %store/vec4 v0x559b2cf40d50_0, 4, 1;
T_4.14 ;
    %load/vec4 v0x559b2cf40e30_0;
    %parti/s 1, 63, 7;
    %pad/u 32;
    %cmpi/e 1, 0, 32;
    %jmp/0xz  T_4.16, 4;
    %pushi/vec4 1, 0, 1;
    %ix/load 4, 1, 0;
    %flag_set/imm 4, 0;
    %store/vec4 v0x559b2cf40d50_0, 4, 1;
T_4.16 ;
    %load/vec4 v0x559b2cf40e30_0;
    %parti/s 1, 63, 7;
    %pad/u 32;
    %pushi/vec4 1, 0, 32;
    %cmp/e;
    %flag_get/vec4 4;
    %load/vec4 v0x559b2cf40430_0;
    %parti/s 1, 63, 7;
    %pad/u 32;
    %pushi/vec4 0, 0, 32;
    %cmp/e;
    %flag_get/vec4 4;
    %and;
    %load/vec4 v0x559b2cf404f0_0;
    %parti/s 1, 63, 7;
    %pad/u 32;
    %pushi/vec4 0, 0, 32;
    %cmp/e;
    %flag_get/vec4 4;
    %and;
    %flag_set/vec4 8;
    %load/vec4 v0x559b2cf40e30_0;
    %parti/s 1, 63, 7;
    %pad/u 32;
    %pushi/vec4 0, 0, 32;
    %cmp/e;
    %flag_get/vec4 4;
    %load/vec4 v0x559b2cf40430_0;
    %parti/s 1, 63, 7;
    %pad/u 32;
    %pushi/vec4 1, 0, 32;
    %cmp/e;
    %flag_get/vec4 4;
    %and;
    %load/vec4 v0x559b2cf404f0_0;
    %parti/s 1, 63, 7;
    %pad/u 32;
    %pushi/vec4 1, 0, 32;
    %cmp/e;
    %flag_get/vec4 4;
    %and;
    %flag_set/vec4 9;
    %flag_or 9, 8;
    %jmp/0xz  T_4.18, 9;
    %pushi/vec4 1, 0, 1;
    %ix/load 4, 2, 0;
    %flag_set/imm 4, 0;
    %store/vec4 v0x559b2cf40d50_0, 4, 1;
T_4.18 ;
    %jmp T_4.13;
T_4.12 ;
    %load/vec4 v0x559b2cf405f0_0;
    %pad/u 32;
    %cmpi/e 2, 0, 32;
    %jmp/0xz  T_4.20, 4;
    %load/vec4 v0x559b2cf404f0_0;
    %load/vec4 v0x559b2cf40430_0;
    %and;
    %store/vec4 v0x559b2cf40e30_0, 0, 64;
    %load/vec4 v0x559b2cf40e30_0;
    %cmpi/e 0, 0, 64;
    %jmp/0xz  T_4.22, 4;
    %pushi/vec4 1, 0, 1;
    %ix/load 4, 0, 0;
    %flag_set/imm 4, 0;
    %store/vec4 v0x559b2cf40d50_0, 4, 1;
T_4.22 ;
    %jmp T_4.21;
T_4.20 ;
    %load/vec4 v0x559b2cf405f0_0;
    %pad/u 32;
    %cmpi/e 3, 0, 32;
    %jmp/0xz  T_4.24, 4;
    %load/vec4 v0x559b2cf404f0_0;
    %load/vec4 v0x559b2cf40430_0;
    %xor;
    %store/vec4 v0x559b2cf40e30_0, 0, 64;
    %load/vec4 v0x559b2cf40e30_0;
    %cmpi/e 0, 0, 64;
    %jmp/0xz  T_4.26, 4;
    %pushi/vec4 1, 0, 1;
    %ix/load 4, 0, 0;
    %flag_set/imm 4, 0;
    %store/vec4 v0x559b2cf40d50_0, 4, 1;
T_4.26 ;
T_4.24 ;
T_4.21 ;
T_4.13 ;
T_4.5 ;
T_4.2 ;
T_4.1 ;
    %load/vec4 v0x559b2cf40a10_0;
    %parti/s 4, 212, 9;
    %pad/u 32;
    %cmpi/e 7, 0, 32;
    %flag_mov 8, 4;
    %load/vec4 v0x559b2cf40a10_0;
    %parti/s 4, 212, 9;
    %pad/u 32;
    %cmpi/e 2, 0, 32;
    %flag_or 4, 8;
    %jmp/0xz  T_4.28, 4;
    %pushi/vec4 0, 0, 1;
    %store/vec4 v0x559b2cf407b0_0, 0, 1;
    %load/vec4 v0x559b2cf40a10_0;
    %parti/s 4, 208, 9;
    %store/vec4 v0x559b2cf40ad0_0, 0, 4;
    %load/vec4 v0x559b2cf40ad0_0;
    %pad/u 32;
    %pushi/vec4 1, 0, 32;
    %cmp/e;
    %flag_get/vec4 4;
    %load/vec4 v0x559b2cf40d50_0;
    %parti/s 1, 0, 2;
    %pad/u 32;
    %pushi/vec4 1, 0, 32;
    %cmp/e;
    %flag_get/vec4 4;
    %load/vec4 v0x559b2cf40d50_0;
    %parti/s 1, 1, 2;
    %pad/u 32;
    %pushi/vec4 1, 0, 32;
    %cmp/e;
    %flag_get/vec4 4;
    %load/vec4 v0x559b2cf40d50_0;
    %parti/s 1, 2, 3;
    %pad/u 32;
    %pushi/vec4 0, 0, 32;
    %cmp/e;
    %flag_get/vec4 4;
    %and;
    %or;
    %and;
    %flag_set/vec4 8;
    %jmp/0xz  T_4.30, 8;
    %pushi/vec4 1, 0, 1;
    %store/vec4 v0x559b2cf407b0_0, 0, 1;
    %jmp T_4.31;
T_4.30 ;
    %load/vec4 v0x559b2cf40ad0_0;
    %pad/u 32;
    %pushi/vec4 2, 0, 32;
    %cmp/e;
    %flag_get/vec4 4;
    %load/vec4 v0x559b2cf40d50_0;
    %parti/s 1, 1, 2;
    %pad/u 32;
    %pushi/vec4 1, 0, 32;
    %cmp/e;
    %flag_get/vec4 4;
    %load/vec4 v0x559b2cf40d50_0;
    %parti/s 1, 2, 3;
    %pad/u 32;
    %pushi/vec4 0, 0, 32;
    %cmp/e;
    %flag_get/vec4 4;
    %and;
    %and;
    %flag_set/vec4 8;
    %jmp/0xz  T_4.32, 8;
    %pushi/vec4 1, 0, 1;
    %store/vec4 v0x559b2cf407b0_0, 0, 1;
    %jmp T_4.33;
T_4.32 ;
    %load/vec4 v0x559b2cf40ad0_0;
    %pad/u 32;
    %pushi/vec4 3, 0, 32;
    %cmp/e;
    %flag_get/vec4 4;
    %load/vec4 v0x559b2cf40d50_0;
    %parti/s 1, 0, 2;
    %pad/u 32;
    %pushi/vec4 1, 0, 32;
    %cmp/e;
    %flag_get/vec4 4;
    %and;
    %flag_set/vec4 8;
    %jmp/0xz  T_4.34, 8;
    %pushi/vec4 1, 0, 1;
    %store/vec4 v0x559b2cf407b0_0, 0, 1;
    %jmp T_4.35;
T_4.34 ;
    %load/vec4 v0x559b2cf40ad0_0;
    %pad/u 32;
    %pushi/vec4 4, 0, 32;
    %cmp/e;
    %flag_get/vec4 4;
    %load/vec4 v0x559b2cf40d50_0;
    %parti/s 1, 0, 2;
    %pad/u 32;
    %pushi/vec4 0, 0, 32;
    %cmp/e;
    %flag_get/vec4 4;
    %and;
    %flag_set/vec4 8;
    %jmp/0xz  T_4.36, 8;
    %pushi/vec4 1, 0, 1;
    %store/vec4 v0x559b2cf407b0_0, 0, 1;
    %jmp T_4.37;
T_4.36 ;
    %load/vec4 v0x559b2cf40ad0_0;
    %pad/u 32;
    %pushi/vec4 5, 0, 32;
    %cmp/e;
    %flag_get/vec4 4;
    %load/vec4 v0x559b2cf40d50_0;
    %parti/s 1, 0, 2;
    %pad/u 32;
    %pushi/vec4 1, 0, 32;
    %cmp/e;
    %flag_get/vec4 4;
    %load/vec4 v0x559b2cf40d50_0;
    %parti/s 1, 1, 2;
    %pad/u 32;
    %pushi/vec4 0, 0, 32;
    %cmp/e;
    %flag_get/vec4 4;
    %load/vec4 v0x559b2cf40d50_0;
    %parti/s 1, 2, 3;
    %pad/u 32;
    %pushi/vec4 0, 0, 32;
    %cmp/e;
    %flag_get/vec4 4;
    %and;
    %or;
    %and;
    %flag_set/vec4 8;
    %jmp/0xz  T_4.38, 8;
    %pushi/vec4 1, 0, 1;
    %store/vec4 v0x559b2cf407b0_0, 0, 1;
    %jmp T_4.39;
T_4.38 ;
    %load/vec4 v0x559b2cf40ad0_0;
    %pad/u 32;
    %pushi/vec4 6, 0, 32;
    %cmp/e;
    %flag_get/vec4 4;
    %load/vec4 v0x559b2cf40d50_0;
    %parti/s 1, 1, 2;
    %pad/u 32;
    %pushi/vec4 0, 0, 32;
    %cmp/e;
    %flag_get/vec4 4;
    %load/vec4 v0x559b2cf40d50_0;
    %parti/s 1, 2, 3;
    %pad/u 32;
    %pushi/vec4 0, 0, 32;
    %cmp/e;
    %flag_get/vec4 4;
    %and;
    %and;
    %flag_set/vec4 8;
    %jmp/0xz  T_4.40, 8;
    %pushi/vec4 1, 0, 1;
    %store/vec4 v0x559b2cf407b0_0, 0, 1;
T_4.40 ;
T_4.39 ;
T_4.37 ;
T_4.35 ;
T_4.33 ;
T_4.31 ;
T_4.28 ;
    %load/vec4 v0x559b2cf40a10_0;
    %parti/s 1, 216, 9;
    %ix/load 4, 144, 0;
    %flag_set/imm 4, 0;
    %store/vec4 v0x559b2cf40c70_0, 4, 1;
    %load/vec4 v0x559b2cf40a10_0;
    %parti/s 4, 212, 9;
    %ix/load 4, 140, 0;
    %flag_set/imm 4, 0;
    %store/vec4 v0x559b2cf40c70_0, 4, 4;
    %load/vec4 v0x559b2cf407b0_0;
    %pad/u 4;
    %ix/load 4, 136, 0;
    %flag_set/imm 4, 0;
    %store/vec4 v0x559b2cf40c70_0, 4, 4;
    %load/vec4 v0x559b2cf40e30_0;
    %ix/load 4, 72, 0;
    %flag_set/imm 4, 0;
    %store/vec4 v0x559b2cf40c70_0, 4, 64;
    %load/vec4 v0x559b2cf40e30_0;
    %store/vec4 v0x559b2cf40930_0, 0, 64;
    %load/vec4 v0x559b2cf40a10_0;
    %parti/s 64, 80, 8;
    %ix/load 4, 8, 0;
    %flag_set/imm 4, 0;
    %store/vec4 v0x559b2cf40c70_0, 4, 64;
    %load/vec4 v0x559b2cf40a10_0;
    %parti/s 4, 212, 9;
    %pad/u 32;
    %pushi/vec4 2, 0, 32;
    %cmp/e;
    %flag_get/vec4 4;
    %load/vec4 v0x559b2cf407b0_0;
    %pad/u 32;
    %pushi/vec4 1, 0, 32;
    %cmp/e;
    %flag_get/vec4 4;
    %and;
    %flag_set/vec4 8;
    %load/vec4 v0x559b2cf40a10_0;
    %parti/s 4, 212, 9;
    %pad/u 32;
    %cmpi/ne 2, 0, 32;
    %flag_or 4, 8;
    %jmp/0xz  T_4.42, 4;
    %load/vec4 v0x559b2cf40a10_0;
    %parti/s 4, 12, 5;
    %store/vec4 v0x559b2cf40850_0, 0, 4;
    %load/vec4 v0x559b2cf40a10_0;
    %parti/s 4, 12, 5;
    %ix/load 4, 4, 0;
    %flag_set/imm 4, 0;
    %store/vec4 v0x559b2cf40c70_0, 4, 4;
    %jmp T_4.43;
T_4.42 ;
    %pushi/vec4 15, 0, 4;
    %store/vec4 v0x559b2cf40850_0, 0, 4;
    %pushi/vec4 15, 0, 4;
    %ix/load 4, 4, 0;
    %flag_set/imm 4, 0;
    %store/vec4 v0x559b2cf40c70_0, 4, 4;
T_4.43 ;
    %load/vec4 v0x559b2cf40a10_0;
    %parti/s 4, 8, 5;
    %ix/load 4, 0, 0;
    %flag_set/imm 4, 0;
    %store/vec4 v0x559b2cf40c70_0, 4, 4;
    %jmp T_4;
    .thread T_4;
# The file index is used to find the file name in the following table.
:file_names 3;
    "N/A";
    "<interactive>";
    "execute.v";
